2017-10-09 00:42:24 +0000  Initial pipeline context: <IDEDistributionProcessingPipelineContext: 0x7f88ab467520; archive(resolved)='<IDEArchive: 0x7f88a68952e0>', distributionTask(resolved)='2', distributionMethod(resolved)='<IDEDistributionMethodiOSAppStoreExport: 0x7f88ab294370>', team(resolved)='<IDEProvisioningBasicTeam 0x7f88ae16dfb0: teamID: 39UED342Q3, teamName: Igor Trindade>'>
	Chain (11, self inclusive):
	<IDEDistributionProcessingPipelineContext: 0x7f88ab467520; archive = '<IDEArchive: 0x7f88a68952e0>', distributionMethod='<IDEDistributionMethodiOSAppStoreExport: 0x7f88ab294370>', team='<IDEProvisioningBasicTeam 0x7f88ae16dfb0: teamID: 39UED342Q3, teamName: Igor Trindade>'>
	<IDEDistributionProcessingPipelineContext: 0x7f88ae2b1700; archive = '<IDEArchive: 0x7f88a68952e0>', distributionMethod='<IDEDistributionMethodiOSAppStoreExport: 0x7f88ab294370>', team='<IDEProvisioningBasicTeam 0x7f88ae16dfb0: teamID: 39UED342Q3, teamName: Igor Trindade>'>
	<IDEDistributionContext: 0x7f88ae4d88e0; archive = '<IDEArchive: 0x7f88a68952e0>', distributionMethod='<IDEDistributionMethodiOSAppStoreExport: 0x7f88ab294370>', team='<IDEProvisioningBasicTeam 0x7f88ae16dfb0: teamID: 39UED342Q3, teamName: Igor Trindade>'>
	<IDEDistributionContext: 0x7f88ae1879d0; archive = '<IDEArchive: 0x7f88a68952e0>', distributionMethod='<IDEDistributionMethodiOSAppStoreExport: 0x7f88ab294370>', team='<IDEProvisioningBasicTeam 0x7f88ae16dfb0: teamID: 39UED342Q3, teamName: Igor Trindade>'>
	<IDEDistributionContext: 0x7f88ac74eca0; archive = '<IDEArchive: 0x7f88a68952e0>', distributionMethod='<IDEDistributionMethodiOSAppStoreExport: 0x7f88ab294370>', team='<IDEProvisioningBasicTeam 0x7f88ae16dfb0: teamID: 39UED342Q3, teamName: Igor Trindade>'>
	<IDEDistributionContext: 0x7f88ae44e790; archive = '<IDEArchive: 0x7f88a68952e0>', distributionMethod='<IDEDistributionMethodiOSAppStoreExport: 0x7f88ab294370>', team='<IDEProvisioningBasicTeam 0x7f88ae16dfb0: teamID: 39UED342Q3, teamName: Igor Trindade>'>
	<IDEDistributionContext: 0x7f88ae15ff30; archive = '<IDEArchive: 0x7f88a68952e0>', distributionMethod='<IDEDistributionMethodiOSAppStoreExport: 0x7f88ab294370>', team='<IDEProvisioningBasicTeam 0x7f88ae16dfb0: teamID: 39UED342Q3, teamName: Igor Trindade>'>
	<IDEDistributionContext: 0x7f88ab43f050; archive = '<IDEArchive: 0x7f88a68952e0>', distributionMethod='<IDEDistributionMethodiOSAppStoreExport: 0x7f88ab294370>', team='<IDEProvisioningBasicTeam 0x7f88ae16dfb0: teamID: 39UED342Q3, teamName: Igor Trindade>'>
	<IDEDistributionContext: 0x7f88ac2e3eb0; archive = '<IDEArchive: 0x7f88a68952e0>', distributionMethod='<IDEDistributionMethodiOSAppStoreExport: 0x7f88ab294370>', team='<IDEProvisioningBasicTeam 0x7f88ae16dfb0: teamID: 39UED342Q3, teamName: Igor Trindade>'>
	<IDEDistributionContext: 0x7f88ac0308b0; archive = '<IDEArchive: 0x7f88a68952e0>', distributionMethod='<IDEDistributionMethodiOSAppStoreExport: 0x7f88ab294370>', team='(null)'>
	<IDEDistributionContext: 0x7f88ab64c700; archive = '<IDEArchive: 0x7f88a68952e0>', distributionMethod='(null)', team='(null)'>
</IDEDistributionProcessingPipelineContext: 0x7f88ab467520>
2017-10-09 00:42:24 +0000  Processing step: IDEDistributionCreateDestRootStep
2017-10-09 00:42:24 +0000  Processing step: IDEDistributionCopyItemStep
2017-10-09 00:42:24 +0000  Running /usr/bin/ditto '-V' '/Users/igortrindade/Library/Developer/Xcode/Archives/2017-10-08/Mais Bartenders 08-10-17 21.41.xcarchive/Products/Applications/Mais Bartenders.app' '/var/folders/ct/ggjr7_bs3cx7x132zfy4xkhc0000gn/T/XcodeDistPipeline.0oH/Root/Payload/Mais Bartenders.app'
2017-10-09 00:42:24 +0000  >>> Copying /Users/igortrindade/Library/Developer/Xcode/Archives/2017-10-08/Mais Bartenders 08-10-17 21.41.xcarchive/Products/Applications/Mais Bartenders.app 
2017-10-09 00:42:24 +0000  
2017-10-09 00:42:24 +0000  copying file ./_CodeSignature/CodeResources ... 
2017-10-09 00:42:24 +0000  53221 bytes for ./_CodeSignature/CodeResources
2017-10-09 00:42:24 +0000  copying file ./AppIcon29x29.png ... 
2017-10-09 00:42:24 +0000  1803 bytes for ./AppIcon29x29.png
2017-10-09 00:42:24 +0000  copying file ./AppIcon29x29@2x.png ... 
2017-10-09 00:42:24 +0000  3840 bytes for ./AppIcon29x29@2x.png
2017-10-09 00:42:24 +0000  copying file ./AppIcon29x29@2x~ipad.png ... 
2017-10-09 00:42:24 +0000  3840 bytes for ./AppIcon29x29@2x~ipad.png
2017-10-09 00:42:24 +0000  copying file ./AppIcon29x29@3x.png ... 
2017-10-09 00:42:24 +0000  6062 bytes for ./AppIcon29x29@3x.png
copying file ./AppIcon29x29~ipad.png ... 
2017-10-09 00:42:24 +0000  1803 bytes for ./AppIcon29x29~ipad.png
2017-10-09 00:42:24 +0000  copying file ./AppIcon40x40@2x.png ... 
2017-10-09 00:42:24 +0000  5498 bytes for ./AppIcon40x40@2x.png
2017-10-09 00:42:24 +0000  copying file ./AppIcon40x40@2x~ipad.png ... 
2017-10-09 00:42:24 +0000  5498 bytes for ./AppIcon40x40@2x~ipad.png
2017-10-09 00:42:24 +0000  copying file ./AppIcon40x40@3x.png ... 
2017-10-09 00:42:24 +0000  8875 bytes for ./AppIcon40x40@3x.png
2017-10-09 00:42:24 +0000  copying file ./AppIcon40x40~ipad.png ... 
2017-10-09 00:42:24 +0000  2568 bytes for ./AppIcon40x40~ipad.png
2017-10-09 00:42:24 +0000  copying file ./AppIcon50x50@2x~ipad.png ... 
2017-10-09 00:42:24 +0000  7117 bytes for ./AppIcon50x50@2x~ipad.png
2017-10-09 00:42:24 +0000  copying file ./AppIcon50x50~ipad.png ... 
2017-10-09 00:42:24 +0000  3242 bytes for ./AppIcon50x50~ipad.png
2017-10-09 00:42:24 +0000  copying file ./AppIcon57x57.png ... 
2017-10-09 00:42:24 +0000  3746 bytes for ./AppIcon57x57.png
2017-10-09 00:42:24 +0000  copying file ./AppIcon57x57@2x.png ... 
2017-10-09 00:42:24 +0000  8186 bytes for ./AppIcon57x57@2x.png
copying file ./AppIcon60x60@2x.png ... 
2017-10-09 00:42:24 +0000  8875 bytes for ./AppIcon60x60@2x.png
2017-10-09 00:42:24 +0000  copying file ./AppIcon60x60@3x.png ... 
2017-10-09 00:42:24 +0000  14818 bytes for ./AppIcon60x60@3x.png
2017-10-09 00:42:24 +0000  copying file ./AppIcon72x72@2x~ipad.png ... 
2017-10-09 00:42:24 +0000  11058 bytes for ./AppIcon72x72@2x~ipad.png
2017-10-09 00:42:24 +0000  copying file ./AppIcon72x72~ipad.png ... 
2017-10-09 00:42:24 +0000  4974 bytes for ./AppIcon72x72~ipad.png
2017-10-09 00:42:24 +0000  copying file ./AppIcon76x76@2x~ipad.png ... 
2017-10-09 00:42:24 +0000  11862 bytes for ./AppIcon76x76@2x~ipad.png
2017-10-09 00:42:24 +0000  copying file ./AppIcon76x76~ipad.png ... 
2017-10-09 00:42:24 +0000  5273 bytes for ./AppIcon76x76~ipad.png
copying file ./archived-expanded-entitlements.xcent ... 
2017-10-09 00:42:24 +0000  181 bytes for ./archived-expanded-entitlements.xcent
2017-10-09 00:42:24 +0000  copying file ./Assets.car ... 
2017-10-09 00:42:24 +0000  245976 bytes for ./Assets.car
2017-10-09 00:42:24 +0000  copying file ./CDVLaunchScreen.storyboardc/01J-lp-oVM-view-Ze5-6b-2t3.nib ... 
2017-10-09 00:42:24 +0000  2285 bytes for ./CDVLaunchScreen.storyboardc/01J-lp-oVM-view-Ze5-6b-2t3.nib
copying file ./CDVLaunchScreen.storyboardc/Info.plist ... 
2017-10-09 00:42:24 +0000  258 bytes for ./CDVLaunchScreen.storyboardc/Info.plist
2017-10-09 00:42:24 +0000  copying file ./CDVLaunchScreen.storyboardc/UIViewController-01J-lp-oVM.nib ... 
2017-10-09 00:42:24 +0000  832 bytes for ./CDVLaunchScreen.storyboardc/UIViewController-01J-lp-oVM.nib
2017-10-09 00:42:24 +0000  copying file ./config.xml ... 
2017-10-09 00:42:24 +0000  6318 bytes for ./config.xml
2017-10-09 00:42:24 +0000  copying file ./embedded.mobileprovision ... 
2017-10-09 00:42:24 +0000  7771 bytes for ./embedded.mobileprovision
copying file ./Info.plist ... 
2017-10-09 00:42:24 +0000  2313 bytes for ./Info.plist
2017-10-09 00:42:24 +0000  copying file ./LaunchImage-568h@2x.png ... 
2017-10-09 00:42:24 +0000  32776 bytes for ./LaunchImage-568h@2x.png
2017-10-09 00:42:24 +0000  copying file ./LaunchImage-700-568h@2x.png ... 
2017-10-09 00:42:24 +0000  32776 bytes for ./LaunchImage-700-568h@2x.png
2017-10-09 00:42:24 +0000  copying file ./LaunchImage-700-Landscape@2x~ipad.png ... 
2017-10-09 00:42:24 +0000  84269 bytes for ./LaunchImage-700-Landscape@2x~ipad.png
2017-10-09 00:42:24 +0000  copying file ./LaunchImage-700-Landscape~ipad.png ... 
2017-10-09 00:42:24 +0000  30562 bytes for ./LaunchImage-700-Landscape~ipad.png
copying file ./LaunchImage-700-Portrait@2x~ipad.png ... 
2017-10-09 00:42:24 +0000  82925 bytes for ./LaunchImage-700-Portrait@2x~ipad.png
2017-10-09 00:42:24 +0000  copying file ./LaunchImage-700-Portrait~ipad.png ... 
2017-10-09 00:42:24 +0000  30435 bytes for ./LaunchImage-700-Portrait~ipad.png
copying file ./LaunchImage-700@2x.png ... 
2017-10-09 00:42:24 +0000  26967 bytes for ./LaunchImage-700@2x.png
copying file ./LaunchImage-800-667h@2x.png ... 
2017-10-09 00:42:24 +0000  41324 bytes for ./LaunchImage-800-667h@2x.png
2017-10-09 00:42:24 +0000  copying file ./LaunchImage-800-Landscape-736h@3x.png ... 
2017-10-09 00:42:24 +0000  82184 bytes for ./LaunchImage-800-Landscape-736h@3x.png
copying file ./LaunchImage-800-Portrait-736h@3x.png ... 
2017-10-09 00:42:24 +0000  79958 bytes for ./LaunchImage-800-Portrait-736h@3x.png
2017-10-09 00:42:24 +0000  copying file ./LaunchImage-Portrait@2x~ipad.png ... 
2017-10-09 00:42:24 +0000  82925 bytes for ./LaunchImage-Portrait@2x~ipad.png
2017-10-09 00:42:24 +0000  copying file ./LaunchImage-Portrait~ipad.png ... 
2017-10-09 00:42:24 +0000  30435 bytes for ./LaunchImage-Portrait~ipad.png
2017-10-09 00:42:24 +0000  copying file ./LaunchImage.png ... 
2017-10-09 00:42:24 +0000  12238 bytes for ./LaunchImage.png
2017-10-09 00:42:24 +0000  copying file ./LaunchImage@2x.png ... 
2017-10-09 00:42:24 +0000  26967 bytes for ./LaunchImage@2x.png
2017-10-09 00:42:24 +0000  copying file ./MainViewController.nib ... 
2017-10-09 00:42:24 +0000  943 bytes for ./MainViewController.nib
2017-10-09 00:42:24 +0000  copying file ./Mais Bartenders ... 
2017-10-09 00:42:24 +0000  754320 bytes for ./Mais Bartenders
copying file ./PkgInfo ... 
2017-10-09 00:42:24 +0000  8 bytes for ./PkgInfo
2017-10-09 00:42:24 +0000  copying file ./www/cordova-js-src/exec.js ... 
2017-10-09 00:42:24 +0000  8877 bytes for ./www/cordova-js-src/exec.js
2017-10-09 00:42:24 +0000  copying file ./www/cordova-js-src/platform.js ... 
2017-10-09 00:42:24 +0000  943 bytes for ./www/cordova-js-src/platform.js
2017-10-09 00:42:24 +0000  copying file ./www/cordova.js ... 
2017-10-09 00:42:24 +0000  61623 bytes for ./www/cordova.js
copying file ./www/cordova_plugins.js ... 
2017-10-09 00:42:24 +0000  7208 bytes for ./www/cordova_plugins.js
2017-10-09 00:42:24 +0000  copying file ./www/index.html ... 
2017-10-09 00:42:24 +0000  2826 bytes for ./www/index.html
2017-10-09 00:42:24 +0000  copying file ./www/plugins/com.bez4pieci.cookies/www/cookies.js ... 
2017-10-09 00:42:24 +0000  1748 bytes for ./www/plugins/com.bez4pieci.cookies/www/cookies.js
2017-10-09 00:42:24 +0000  copying file ./www/plugins/cordova-plugin-file/www/browser/isChrome.js ... 
2017-10-09 00:42:24 +0000  1232 bytes for ./www/plugins/cordova-plugin-file/www/browser/isChrome.js
2017-10-09 00:42:24 +0000  copying file ./www/plugins/cordova-plugin-file/www/DirectoryEntry.js ... 
2017-10-09 00:42:24 +0000  4671 bytes for ./www/plugins/cordova-plugin-file/www/DirectoryEntry.js
2017-10-09 00:42:24 +0000  copying file ./www/plugins/cordova-plugin-file/www/DirectoryReader.js ... 
2017-10-09 00:42:24 +0000  2729 bytes for ./www/plugins/cordova-plugin-file/www/DirectoryReader.js
2017-10-09 00:42:24 +0000  copying file ./www/plugins/cordova-plugin-file/www/Entry.js ... 
2017-10-09 00:42:24 +0000  9933 bytes for ./www/plugins/cordova-plugin-file/www/Entry.js
2017-10-09 00:42:24 +0000  copying file ./www/plugins/cordova-plugin-file/www/File.js ... 
2017-10-09 00:42:24 +0000  2712 bytes for ./www/plugins/cordova-plugin-file/www/File.js
2017-10-09 00:42:24 +0000  copying file ./www/plugins/cordova-plugin-file/www/FileEntry.js ... 
2017-10-09 00:42:24 +0000  3418 bytes for ./www/plugins/cordova-plugin-file/www/FileEntry.js
2017-10-09 00:42:24 +0000  copying file ./www/plugins/cordova-plugin-file/www/FileError.js ... 
2017-10-09 00:42:24 +0000  1480 bytes for ./www/plugins/cordova-plugin-file/www/FileError.js
2017-10-09 00:42:24 +0000  copying file ./www/plugins/cordova-plugin-file/www/FileReader.js ... 
2017-10-09 00:42:24 +0000  10431 bytes for ./www/plugins/cordova-plugin-file/www/FileReader.js
2017-10-09 00:42:24 +0000  copying file ./www/plugins/cordova-plugin-file/www/FileSystem.js ... 
2017-10-09 00:42:24 +0000  1956 bytes for ./www/plugins/cordova-plugin-file/www/FileSystem.js
2017-10-09 00:42:24 +0000  copying file ./www/plugins/cordova-plugin-file/www/fileSystemPaths.js ... 
2017-10-09 00:42:24 +0000  2547 bytes for ./www/plugins/cordova-plugin-file/www/fileSystemPaths.js
2017-10-09 00:42:24 +0000  copying file ./www/plugins/cordova-plugin-file/www/fileSystems-roots.js ... 
2017-10-09 00:42:24 +0000  1597 bytes for ./www/plugins/cordova-plugin-file/www/fileSystems-roots.js
2017-10-09 00:42:24 +0000  copying file ./www/plugins/cordova-plugin-file/www/fileSystems.js ... 
2017-10-09 00:42:24 +0000  1046 bytes for ./www/plugins/cordova-plugin-file/www/fileSystems.js
2017-10-09 00:42:24 +0000  copying file ./www/plugins/cordova-plugin-file/www/FileUploadOptions.js ... 
2017-10-09 00:42:24 +0000  1830 bytes for ./www/plugins/cordova-plugin-file/www/FileUploadOptions.js
2017-10-09 00:42:24 +0000  copying file ./www/plugins/cordova-plugin-file/www/FileUploadResult.js ... 
2017-10-09 00:42:24 +0000  1101 bytes for ./www/plugins/cordova-plugin-file/www/FileUploadResult.js
2017-10-09 00:42:24 +0000  copying file ./www/plugins/cordova-plugin-file/www/FileWriter.js ... 
2017-10-09 00:42:24 +0000  10427 bytes for ./www/plugins/cordova-plugin-file/www/FileWriter.js
2017-10-09 00:42:24 +0000  copying file ./www/plugins/cordova-plugin-file/www/Flags.js ... 
2017-10-09 00:42:24 +0000  1335 bytes for ./www/plugins/cordova-plugin-file/www/Flags.js
2017-10-09 00:42:24 +0000  copying file ./www/plugins/cordova-plugin-file/www/ios/FileSystem.js ... 
2017-10-09 00:42:24 +0000  1184 bytes for ./www/plugins/cordova-plugin-file/www/ios/FileSystem.js
2017-10-09 00:42:24 +0000  copying file ./www/plugins/cordova-plugin-file/www/LocalFileSystem.js ... 
2017-10-09 00:42:24 +0000  957 bytes for ./www/plugins/cordova-plugin-file/www/LocalFileSystem.js
2017-10-09 00:42:24 +0000  copying file ./www/plugins/cordova-plugin-file/www/Metadata.js ... 
2017-10-09 00:42:24 +0000  1485 bytes for ./www/plugins/cordova-plugin-file/www/Metadata.js
copying file ./www/plugins/cordova-plugin-file/www/ProgressEvent.js ... 
2017-10-09 00:42:24 +0000  2581 bytes for ./www/plugins/cordova-plugin-file/www/ProgressEvent.js
2017-10-09 00:42:24 +0000  copying file ./www/plugins/cordova-plugin-file/www/requestFileSystem.js ... 
2017-10-09 00:42:24 +0000  3221 bytes for ./www/plugins/cordova-plugin-file/www/requestFileSystem.js
2017-10-09 00:42:24 +0000  copying file ./www/plugins/cordova-plugin-file/www/resolveLocalFileSystemURI.js ... 
2017-10-09 00:42:24 +0000  4228 bytes for ./www/plugins/cordova-plugin-file/www/resolveLocalFileSystemURI.js
2017-10-09 00:42:24 +0000  copying file ./www/plugins/cordova-plugin-file-transfer/www/FileTransfer.js ... 
2017-10-09 00:42:24 +0000  8568 bytes for ./www/plugins/cordova-plugin-file-transfer/www/FileTransfer.js
copying file ./www/plugins/cordova-plugin-file-transfer/www/FileTransferError.js ... 
2017-10-09 00:42:24 +0000  1488 bytes for ./www/plugins/cordova-plugin-file-transfer/www/FileTransferError.js
2017-10-09 00:42:24 +0000  copying file ./www/plugins/cordova-plugin-inappbrowser/www/inappbrowser.js ... 
2017-10-09 00:42:24 +0000  4417 bytes for ./www/plugins/cordova-plugin-inappbrowser/www/inappbrowser.js
2017-10-09 00:42:24 +0000  copying file ./www/plugins/cordova-plugin-splashscreen/www/splashscreen.js ... 
2017-10-09 00:42:24 +0000  1173 bytes for ./www/plugins/cordova-plugin-splashscreen/www/splashscreen.js
2017-10-09 00:42:24 +0000  copying file ./www/plugins/cordova-plugin-statusbar/www/statusbar.js ... 
2017-10-09 00:42:24 +0000  3376 bytes for ./www/plugins/cordova-plugin-statusbar/www/statusbar.js
2017-10-09 00:42:24 +0000  copying file ./www/static/assets/drink-created.png ... 
2017-10-09 00:42:24 +0000  7257 bytes for ./www/static/assets/drink-created.png
2017-10-09 00:42:24 +0000  copying file ./www/static/assets/favicon.png ... 
2017-10-09 00:42:24 +0000  1976 bytes for ./www/static/assets/favicon.png
2017-10-09 00:42:24 +0000  copying file ./www/static/assets/header-bg.jpg ... 
2017-10-09 00:42:24 +0000  380820 bytes for ./www/static/assets/header-bg.jpg
copying file ./www/static/assets/king.png ... 
2017-10-09 00:42:24 +0000  1919 bytes for ./www/static/assets/king.png
2017-10-09 00:42:24 +0000  copying file ./www/static/assets/star.png ... 
2017-10-09 00:42:24 +0000  25067 bytes for ./www/static/assets/star.png
copying file ./www/static/assets/user_avatar.jpg ... 
2017-10-09 00:42:24 +0000  4737 bytes for ./www/static/assets/user_avatar.jpg
2017-10-09 00:42:24 +0000  copying file ./www/static/build/css/agency.css ... 
2017-10-09 00:42:24 +0000  19665 bytes for ./www/static/build/css/agency.css
copying file ./www/static/build/css/fontawesome.css ... 
2017-10-09 00:42:24 +0000  0 bytes for ./www/static/build/css/fontawesome.css
2017-10-09 00:42:24 +0000  copying file ./www/static/build/css/general_styles.css ... 
2017-10-09 00:42:24 +0000  5820 bytes for ./www/static/build/css/general_styles.css
2017-10-09 00:42:24 +0000  copying file ./www/static/build/css/lato.css ... 
2017-10-09 00:42:24 +0000  769 bytes for ./www/static/build/css/lato.css
2017-10-09 00:42:24 +0000  copying file ./www/static/build/css/lobster_two.css ... 
2017-10-09 00:42:24 +0000  1393 bytes for ./www/static/build/css/lobster_two.css
2017-10-09 00:42:24 +0000  copying file ./www/static/build/css/montserrat.css ... 
2017-10-09 00:42:24 +0000  2832 bytes for ./www/static/build/css/montserrat.css
2017-10-09 00:42:24 +0000  copying file ./www/static/build/css/robotoslab.css ... 
2017-10-09 00:42:24 +0000  7928 bytes for ./www/static/build/css/robotoslab.css
copying file ./www/static/build/css/vendor.css ... 
2017-10-09 00:42:24 +0000  205112 bytes for ./www/static/build/css/vendor.css
copying file ./www/static/build/css/vendor.css.map ... 
2017-10-09 00:42:24 +0000  338296 bytes for ./www/static/build/css/vendor.css.map
2017-10-09 00:42:24 +0000  copying file ./www/static/build/fonts/fontawesome-webfont.eot ... 
2017-10-09 00:42:24 +0000  165742 bytes for ./www/static/build/fonts/fontawesome-webfont.eot
2017-10-09 00:42:24 +0000  copying file ./www/static/build/fonts/fontawesome-webfont.svg ... 
2017-10-09 00:42:24 +0000  444379 bytes for ./www/static/build/fonts/fontawesome-webfont.svg
2017-10-09 00:42:24 +0000  copying file ./www/static/build/fonts/fontawesome-webfont.ttf ... 
2017-10-09 00:42:24 +0000  165548 bytes for ./www/static/build/fonts/fontawesome-webfont.ttf
2017-10-09 00:42:24 +0000  copying file ./www/static/build/fonts/fontawesome-webfont.woff ... 
2017-10-09 00:42:24 +0000  98024 bytes for ./www/static/build/fonts/fontawesome-webfont.woff
2017-10-09 00:42:24 +0000  copying file ./www/static/build/fonts/fontawesome-webfont.woff2 ... 
2017-10-09 00:42:24 +0000  77160 bytes for ./www/static/build/fonts/fontawesome-webfont.woff2
2017-10-09 00:42:24 +0000  copying file ./www/static/build/fonts/FontAwesome.otf ... 
2017-10-09 00:42:24 +0000  134808 bytes for ./www/static/build/fonts/FontAwesome.otf
2017-10-09 00:42:24 +0000  copying file ./www/static/build/fonts/lato/Lato-Bold.ttf ... 
2017-10-09 00:42:25 +0000  121788 bytes for ./www/static/build/fonts/lato/Lato-Bold.ttf
2017-10-09 00:42:25 +0000  copying file ./www/static/build/fonts/lato/Lato-Light.ttf ... 
2017-10-09 00:42:25 +0000  122524 bytes for ./www/static/build/fonts/lato/Lato-Light.ttf
copying file ./www/static/build/fonts/lato/Lato-Regular.ttf ... 
2017-10-09 00:42:25 +0000  120196 bytes for ./www/static/build/fonts/lato/Lato-Regular.ttf
2017-10-09 00:42:25 +0000  copying file ./www/static/build/fonts/lobster_two/LobsterTwo-Bold.ttf ... 
2017-10-09 00:42:25 +0000  241104 bytes for ./www/static/build/fonts/lobster_two/LobsterTwo-Bold.ttf
copying file ./www/static/build/fonts/lobster_two/LobsterTwo-BoldItalic.ttf ... 
2017-10-09 00:42:25 +0000  235632 bytes for ./www/static/build/fonts/lobster_two/LobsterTwo-BoldItalic.ttf
2017-10-09 00:42:25 +0000  copying file ./www/static/build/fonts/lobster_two/LobsterTwo-Italic.ttf ... 
2017-10-09 00:42:25 +0000  249896 bytes for ./www/static/build/fonts/lobster_two/LobsterTwo-Italic.ttf
copying file ./www/static/build/fonts/lobster_two/LobsterTwo-Regular.ttf ... 
2017-10-09 00:42:25 +0000  254332 bytes for ./www/static/build/fonts/lobster_two/LobsterTwo-Regular.ttf
2017-10-09 00:42:25 +0000  copying file ./www/static/build/fonts/montserrat/Montserrat-Bold.ttf ... 
2017-10-09 00:42:25 +0000  191648 bytes for ./www/static/build/fonts/montserrat/Montserrat-Bold.ttf
2017-10-09 00:42:25 +0000  copying file ./www/static/build/fonts/montserrat/Montserrat-Light.ttf ... 
2017-10-09 00:42:25 +0000  192116 bytes for ./www/static/build/fonts/montserrat/Montserrat-Light.ttf
2017-10-09 00:42:25 +0000  copying file ./www/static/build/fonts/montserrat/Montserrat-Regular.ttf ... 
2017-10-09 00:42:25 +0000  190648 bytes for ./www/static/build/fonts/montserrat/Montserrat-Regular.ttf
2017-10-09 00:42:25 +0000  copying file ./www/static/build/fonts/robotoslab/RobotoSlab-Bold.ttf ... 
2017-10-09 00:42:25 +0000  170616 bytes for ./www/static/build/fonts/robotoslab/RobotoSlab-Bold.ttf
2017-10-09 00:42:25 +0000  copying file ./www/static/build/fonts/robotoslab/RobotoSlab-Light.ttf ... 
2017-10-09 00:42:25 +0000  179096 bytes for ./www/static/build/fonts/robotoslab/RobotoSlab-Light.ttf
2017-10-09 00:42:25 +0000  copying file ./www/static/build/fonts/robotoslab/RobotoSlab-Regular.ttf ... 
2017-10-09 00:42:25 +0000  169064 bytes for ./www/static/build/fonts/robotoslab/RobotoSlab-Regular.ttf
copying file ./www/static/build/fonts/robotoslab/RobotoSlab-Thin.ttf ... 
2017-10-09 00:42:25 +0000  181156 bytes for ./www/static/build/fonts/robotoslab/RobotoSlab-Thin.ttf
2017-10-09 00:42:25 +0000  copying file ./www/static/build/js/agency.js ... 
2017-10-09 00:42:25 +0000  1301 bytes for ./www/static/build/js/agency.js
copying file ./www/static/build/js/openfb.js ... 
2017-10-09 00:42:25 +0000  12438 bytes for ./www/static/build/js/openfb.js
2017-10-09 00:42:25 +0000  copying file ./www/static/build/js/vendor.js ... 
2017-10-09 00:42:25 +0000  237072 bytes for ./www/static/build/js/vendor.js
2017-10-09 00:42:25 +0000  copying file ./www/static/build/js/vendor.js.map ... 
2017-10-09 00:42:25 +0000  745850 bytes for ./www/static/build/js/vendor.js.map
2017-10-09 00:42:25 +0000  copying file ./www/static/css/app.42a1a3616b74698d16c8a44dd8537f21.css ... 
2017-10-09 00:42:25 +0000  38188 bytes for ./www/static/css/app.42a1a3616b74698d16c8a44dd8537f21.css
copying file ./www/static/css/app.42a1a3616b74698d16c8a44dd8537f21.css.map ... 
2017-10-09 00:42:25 +0000  78086 bytes for ./www/static/css/app.42a1a3616b74698d16c8a44dd8537f21.css.map
2017-10-09 00:42:25 +0000  copying file ./www/static/img/barone.7b5c2ce.png ... 
2017-10-09 00:42:25 +0000  85546 bytes for ./www/static/img/barone.7b5c2ce.png
2017-10-09 00:42:25 +0000  copying file ./www/static/img/high_ball.4cf875a.png ... 
2017-10-09 00:42:25 +0000  39697 bytes for ./www/static/img/high_ball.4cf875a.png
2017-10-09 00:42:25 +0000  copying file ./www/static/img/ilha_bela_alto.8f89e9a.png ... 
2017-10-09 00:42:25 +0000  46845 bytes for ./www/static/img/ilha_bela_alto.8f89e9a.png
2017-10-09 00:42:25 +0000  copying file ./www/static/img/ilha_bela_baixo.a0d2a29.png ... 
2017-10-09 00:42:25 +0000  38343 bytes for ./www/static/img/ilha_bela_baixo.a0d2a29.png
2017-10-09 00:42:25 +0000  copying file ./www/static/img/logo_mb.b183310.png ... 
2017-10-09 00:42:25 +0000  47372 bytes for ./www/static/img/logo_mb.b183310.png
copying file ./www/static/img/logo_mb_2.c7b16ac.png ... 
2017-10-09 00:42:25 +0000  47315 bytes for ./www/static/img/logo_mb_2.c7b16ac.png
2017-10-09 00:42:25 +0000  copying file ./www/static/img/margarita.bb21ca9.png ... 
2017-10-09 00:42:25 +0000  44439 bytes for ./www/static/img/margarita.bb21ca9.png
2017-10-09 00:42:25 +0000  copying file ./www/static/img/martini.f298167.png ... 
2017-10-09 00:42:25 +0000  50988 bytes for ./www/static/img/martini.f298167.png
2017-10-09 00:42:25 +0000  copying file ./www/static/img/star.d51b933.png ... 
2017-10-09 00:42:25 +0000  25067 bytes for ./www/static/img/star.d51b933.png
2017-10-09 00:42:25 +0000  copying file ./www/static/js/0.a8cecb332e8dff04f0b3.js ... 
2017-10-09 00:42:25 +0000  18817 bytes for ./www/static/js/0.a8cecb332e8dff04f0b3.js
copying file ./www/static/js/0.a8cecb332e8dff04f0b3.js.map ... 
2017-10-09 00:42:25 +0000  108504 bytes for ./www/static/js/0.a8cecb332e8dff04f0b3.js.map
copying file ./www/static/js/1.7d799658494307499cf7.js ... 
2017-10-09 00:42:25 +0000  8136 bytes for ./www/static/js/1.7d799658494307499cf7.js
2017-10-09 00:42:25 +0000  copying file ./www/static/js/1.7d799658494307499cf7.js.map ... 
2017-10-09 00:42:25 +0000  45282 bytes for ./www/static/js/1.7d799658494307499cf7.js.map
2017-10-09 00:42:25 +0000  copying file ./www/static/js/10.2a98a83e837fbbb2ea4f.js ... 
2017-10-09 00:42:25 +0000  627 bytes for ./www/static/js/10.2a98a83e837fbbb2ea4f.js
copying file ./www/static/js/10.2a98a83e837fbbb2ea4f.js.map ... 
2017-10-09 00:42:25 +0000  5017 bytes for ./www/static/js/10.2a98a83e837fbbb2ea4f.js.map
2017-10-09 00:42:25 +0000  copying file ./www/static/js/2.c2ec0820d7ff191aade6.js ... 
2017-10-09 00:42:25 +0000  3170 bytes for ./www/static/js/2.c2ec0820d7ff191aade6.js
2017-10-09 00:42:25 +0000  copying file ./www/static/js/2.c2ec0820d7ff191aade6.js.map ... 
2017-10-09 00:42:25 +0000  18562 bytes for ./www/static/js/2.c2ec0820d7ff191aade6.js.map
2017-10-09 00:42:25 +0000  copying file ./www/static/js/3.872fe113512db70ab083.js ... 
2017-10-09 00:42:25 +0000  7141 bytes for ./www/static/js/3.872fe113512db70ab083.js
2017-10-09 00:42:25 +0000  copying file ./www/static/js/3.872fe113512db70ab083.js.map ... 
2017-10-09 00:42:25 +0000  39788 bytes for ./www/static/js/3.872fe113512db70ab083.js.map
copying file ./www/static/js/4.dcd90a50ce8957e696a0.js ... 
2017-10-09 00:42:25 +0000  2893 bytes for ./www/static/js/4.dcd90a50ce8957e696a0.js
2017-10-09 00:42:25 +0000  copying file ./www/static/js/4.dcd90a50ce8957e696a0.js.map ... 
2017-10-09 00:42:25 +0000  17032 bytes for ./www/static/js/4.dcd90a50ce8957e696a0.js.map
2017-10-09 00:42:25 +0000  copying file ./www/static/js/5.f309d99c1c94ff8f2018.js ... 
2017-10-09 00:42:25 +0000  5594 bytes for ./www/static/js/5.f309d99c1c94ff8f2018.js
2017-10-09 00:42:25 +0000  copying file ./www/static/js/5.f309d99c1c94ff8f2018.js.map ... 
2017-10-09 00:42:25 +0000  29661 bytes for ./www/static/js/5.f309d99c1c94ff8f2018.js.map
2017-10-09 00:42:25 +0000  copying file ./www/static/js/6.fa9ca405318cca7025d5.js ... 
2017-10-09 00:42:25 +0000  877 bytes for ./www/static/js/6.fa9ca405318cca7025d5.js
copying file ./www/static/js/6.fa9ca405318cca7025d5.js.map ... 
2017-10-09 00:42:25 +0000  6128 bytes for ./www/static/js/6.fa9ca405318cca7025d5.js.map
2017-10-09 00:42:25 +0000  copying file ./www/static/js/7.9e86e82831b481f36858.js ... 
2017-10-09 00:42:25 +0000  417 bytes for ./www/static/js/7.9e86e82831b481f36858.js
copying file ./www/static/js/7.9e86e82831b481f36858.js.map ... 
2017-10-09 00:42:25 +0000  3205 bytes for ./www/static/js/7.9e86e82831b481f36858.js.map
2017-10-09 00:42:25 +0000  copying file ./www/static/js/8.97318e0752d2f7bb0f64.js ... 
2017-10-09 00:42:25 +0000  571 bytes for ./www/static/js/8.97318e0752d2f7bb0f64.js
2017-10-09 00:42:25 +0000  copying file ./www/static/js/8.97318e0752d2f7bb0f64.js.map ... 
2017-10-09 00:42:25 +0000  3913 bytes for ./www/static/js/8.97318e0752d2f7bb0f64.js.map
2017-10-09 00:42:25 +0000  copying file ./www/static/js/9.afbbf8ae2cb2eeddfe9e.js ... 
2017-10-09 00:42:25 +0000  5204 bytes for ./www/static/js/9.afbbf8ae2cb2eeddfe9e.js
2017-10-09 00:42:25 +0000  copying file ./www/static/js/9.afbbf8ae2cb2eeddfe9e.js.map ... 
2017-10-09 00:42:25 +0000  27587 bytes for ./www/static/js/9.afbbf8ae2cb2eeddfe9e.js.map
2017-10-09 00:42:25 +0000  copying file ./www/static/js/app.c9c10d9dc08ad2d4afef.js ... 
2017-10-09 00:42:25 +0000  231458 bytes for ./www/static/js/app.c9c10d9dc08ad2d4afef.js
copying file ./www/static/js/app.c9c10d9dc08ad2d4afef.js.map ... 
2017-10-09 00:42:25 +0000  1303322 bytes for ./www/static/js/app.c9c10d9dc08ad2d4afef.js.map
2017-10-09 00:42:25 +0000  copying file ./www/static/js/manifest.c0c62a37b95f8c7c1663.js ... 
2017-10-09 00:42:25 +0000  1791 bytes for ./www/static/js/manifest.c0c62a37b95f8c7c1663.js
copying file ./www/static/js/manifest.c0c62a37b95f8c7c1663.js.map ... 
2017-10-09 00:42:25 +0000  15474 bytes for ./www/static/js/manifest.c0c62a37b95f8c7c1663.js.map
copying file ./www/static/js/vendor.f84dfbd4b042693a8539.js ... 
2017-10-09 00:42:25 +0000  2570663 bytes for ./www/static/js/vendor.f84dfbd4b042693a8539.js
2017-10-09 00:42:25 +0000  copying file ./www/static/js/vendor.f84dfbd4b042693a8539.js.map ... 
2017-10-09 00:42:25 +0000  11883817 bytes for ./www/static/js/vendor.f84dfbd4b042693a8539.js.map
2017-10-09 00:42:25 +0000  /usr/bin/ditto exited with 0
2017-10-09 00:42:25 +0000  Processing step: IDEDistributionEmbedProfileStep
2017-10-09 00:42:25 +0000  Processing step: IDEDistributionItemRemovalStep
2017-10-09 00:42:25 +0000  Processing step: IDEDistributionAppThinningPlistStep
2017-10-09 00:42:25 +0000  Skipping step: IDEDistributionAppThinningPlistStep because it said so
2017-10-09 00:42:25 +0000  Processing step: IDEDistributionCompileBitcodeStep
2017-10-09 00:42:25 +0000  Skipping step: IDEDistributionCompileBitcodeStep because it said so
2017-10-09 00:42:25 +0000  Processing step: IDEDistributionCodeSlimmingStep
2017-10-09 00:42:25 +0000  Processing step: IDEDistributionCopyBCSymbolMapsStep
2017-10-09 00:42:25 +0000  Processing step: IDEDistributionSymbolsStep
2017-10-09 00:42:25 +0000  Processing symbols for Mais Bartenders.app
2017-10-09 00:42:25 +0000  Running /usr/bin/rsync '-8aPhhE' '/var/folders/ct/ggjr7_bs3cx7x132zfy4xkhc0000gn/T/XcodeDistPipeline.0oH/Root/Payload/Mais Bartenders.app' '--link-dest' '/var/folders/ct/ggjr7_bs3cx7x132zfy4xkhc0000gn/T/XcodeDistPipeline.0oH/Root/Payload' '/var/folders/ct/ggjr7_bs3cx7x132zfy4xkhc0000gn/T/XcodeDistPipeline.0oH'
2017-10-09 00:42:25 +0000  building file list ... 
2017-10-09 00:42:25 +0000   0 files...2017-10-09 00:42:25 +0000   100 files...2017-10-09 00:42:25 +0000  189 files to consider
2017-10-09 00:42:25 +0000  Mais Bartenders.app/
2017-10-09 00:42:25 +0000  Mais Bartenders.app/CDVLaunchScreen.storyboardc/
2017-10-09 00:42:25 +0000  Mais Bartenders.app/_CodeSignature/
Mais Bartenders.app/www/
Mais Bartenders.app/www/cordova-js-src/
Mais Bartenders.app/www/plugins/
Mais Bartenders.app/www/plugins/com.bez4pieci.cookies/
Mais Bartenders.app/www/plugins/com.bez4pieci.cookies/www/
Mais Bartenders.app/www/plugins/cordova-plugin-file-transfer/
Mais Bartenders.app/www/plugins/cordova-plugin-file-transfer/www/
Mais Bartenders.app/www/plugins/cordova-plugin-file/
Mais Bartenders.app/www/plugins/cordova-plugin-file/www/
Mais Bartenders.app/www/plugins/cordova-plugin-file/www/browser/
Mais Bartenders.app/www/plugins/cordova-plugin-file/www/ios/
Mais Bartenders.app/www/plugins/cordova-plugin-inappbrowser/
Mais Bartenders.app/www/plugins/cordova-plugin-inappbrowser/www/
Mais Bartenders.app/www/plugins/cordova-plugin-splashscreen/
Mais Bartenders.app/www/plugins/cordova-plugin-splashscreen/www/
Mais Bartenders.app/www/plugins/cordova-plugin-statusbar/
Mais Bartenders.app/www/plugins/cordova-plugin-statusbar/www/
Mais Bartenders.app/www/static/
Mais Bartenders.app/www/static/assets/
Mais Bartenders.app/www/static/build/
Mais Bartenders.app/www/static/build/css/
Mais Bartenders.app/www/static/build/fonts/
Mais Bartenders.app/www/static/build/fonts/lato/
Mais Bartenders.app/www/static/build/fonts/lobster_two/
Mais Bartenders.app/www/static/build/fonts/montserrat/
Mais Bartenders.app/www/static/build/fonts/robotoslab/
Mais Bartenders.app/www/static/build/js/
Mais Bartenders.app/www/static/css/
Mais Bartenders.app/www/static/img/
Mais Bartenders.app/www/static/js/
2017-10-09 00:42:25 +0000  
sent 4.61K bytes  received 218 bytes  9.65K bytes/sec
total size is 23.51M  speedup is 4988.15
2017-10-09 00:42:25 +0000  /usr/bin/rsync exited with 0
2017-10-09 00:42:25 +0000  Running /usr/bin/rsync '-8aPhhE' '/Users/igortrindade/Library/Developer/Xcode/Archives/2017-10-08/Mais Bartenders 08-10-17 21.41.xcarchive/dSYMs/' '--link-dest' '/Users/igortrindade/Library/Developer/Xcode/Archives/2017-10-08/Mais Bartenders 08-10-17 21.41.xcarchive/dSYMs/' '/var/folders/ct/ggjr7_bs3cx7x132zfy4xkhc0000gn/T/XcodeDistPipeline.0oH'
2017-10-09 00:42:25 +0000  building file list ... 
2017-10-09 00:42:25 +0000   0 files...2017-10-09 00:42:25 +0000  7 files to consider
2017-10-09 00:42:25 +0000  ./
2017-10-09 00:42:25 +0000  Mais Bartenders.app.dSYM/
Mais Bartenders.app.dSYM/Contents/
2017-10-09 00:42:25 +0000  Mais Bartenders.app.dSYM/Contents/Resources/
Mais Bartenders.app.dSYM/Contents/Resources/DWARF/
2017-10-09 00:42:25 +0000  
sent 248 bytes  received 50 bytes  596.00 bytes/sec
total size is 2.14M  speedup is 7530.44
2017-10-09 00:42:25 +0000  /usr/bin/rsync exited with 0
2017-10-09 00:42:25 +0000  Running /Applications/Xcode.app/Contents/Developer/usr/bin/symbols '-noTextInSOD' '-noDaemon' '-arch' 'all' '-symbolsPackageDir' '/var/folders/ct/ggjr7_bs3cx7x132zfy4xkhc0000gn/T/XcodeDistPipeline.0oH/Symbols' '/var/folders/ct/ggjr7_bs3cx7x132zfy4xkhc0000gn/T/XcodeDistPipeline.0oH/Mais Bartenders.app.dSYM/Contents/Resources/Dwarf/Mais Bartenders'
2017-10-09 00:42:25 +0000  /var/folders/ct/ggjr7_bs3cx7x132zfy4xkhc0000gn/T/XcodeDistPipeline.0oH/Mais Bartenders.app.dSYM/Contents/Resources/Dwarf/Mais Bartenders [armv7, 0.045440 seconds]:
/var/folders/ct/ggjr7_bs3cx7x132zfy4xkhc0000gn/T/XcodeDistPipeline.0oH/Mais Bartenders.app.dSYM/Contents/Resources/Dwarf/Mais Bartenders [arm64, 0.045440 seconds]:
2017-10-09 00:42:25 +0000  /Applications/Xcode.app/Contents/Developer/usr/bin/symbols exited with 0
2017-10-09 00:42:25 +0000  Processing step: IDEDistributionCopyAppleProvidedContentStep
2017-10-09 00:42:25 +0000  Processing step: IDEDistributionAppThinningStep
2017-10-09 00:42:25 +0000  Skipping step: IDEDistributionAppThinningStep because it said so
2017-10-09 00:42:25 +0000  Processing step: IDEDistributionODRStep
2017-10-09 00:42:25 +0000  Processing step: IDEDistributionStripXattrsStep
2017-10-09 00:42:25 +0000  Running /usr/bin/xattr '-cr' '/var/folders/ct/ggjr7_bs3cx7x132zfy4xkhc0000gn/T/XcodeDistPipeline.0oH/Root/Payload/Mais Bartenders.app'
2017-10-09 00:42:25 +0000  /usr/bin/xattr exited with 0
2017-10-09 00:42:25 +0000  Processing step: IDEDistributionCodesignStep
2017-10-09 00:42:25 +0000  Applying entitlements delta for <IDEDistributionItem: 0x7f88ab21f300 'com.br.menu.maisbartenders' '<DVTFilePath:0x7f88ac62aab0:'/Users/igortrindade/Library/Developer/Xcode/Archives/2017-10-08/Mais Bartenders 08-10-17 21.41.xcarchive/Products/Applications/Mais Bartenders.app'>'> from <IDEiCloudEntitlementsProcessor: 0x7f88ac0f1070>: {
}
2017-10-09 00:42:25 +0000  Entitlements for <IDEDistributionItem: 0x7f88ab21f300 'com.br.menu.maisbartenders' '<DVTFilePath:0x7f88ac62aab0:'/Users/igortrindade/Library/Developer/Xcode/Archives/2017-10-08/Mais Bartenders 08-10-17 21.41.xcarchive/Products/Applications/Mais Bartenders.app'>'>: {
    "application-identifier" = "39UED342Q3.com.br.menu.maisbartenders";
    "beta-reports-active" = 1;
    "com.apple.developer.team-identifier" = 39UED342Q3;
    "get-task-allow" = 0;
}
2017-10-09 00:42:25 +0000  Writing entitlements for <IDEDistributionItem: 0x7f88ab21f300 'com.br.menu.maisbartenders' '<DVTFilePath:0x7f88ac62aab0:'/Users/igortrindade/Library/Developer/Xcode/Archives/2017-10-08/Mais Bartenders 08-10-17 21.41.xcarchive/Products/Applications/Mais Bartenders.app'>'> to: /var/folders/ct/ggjr7_bs3cx7x132zfy4xkhc0000gn/T/XcodeDistPipeline.0oH/entitlements8C3BF6
2017-10-09 00:42:25 +0000  Running /usr/bin/codesign '-vvv' '--force' '--sign' '82A38E688F5E472DA3F4253E00581AA88FB147A1' '--preserve-metadata=identifier,flags' '--entitlements' '/var/folders/ct/ggjr7_bs3cx7x132zfy4xkhc0000gn/T/XcodeDistPipeline.0oH/entitlements8C3BF6' '/var/folders/ct/ggjr7_bs3cx7x132zfy4xkhc0000gn/T/XcodeDistPipeline.0oH/Root/Payload/Mais Bartenders.app'
2017-10-09 00:42:25 +0000  /var/folders/ct/ggjr7_bs3cx7x132zfy4xkhc0000gn/T/XcodeDistPipeline.0oH/Root/Payload/Mais Bartenders.app: replacing existing signature
2017-10-09 00:42:26 +0000  /var/folders/ct/ggjr7_bs3cx7x132zfy4xkhc0000gn/T/XcodeDistPipeline.0oH/Root/Payload/Mais Bartenders.app: signed app bundle with Mach-O universal (armv7 arm64) [com.br.menu.maisbartenders]
2017-10-09 00:42:26 +0000  /usr/bin/codesign exited with 0
2017-10-09 00:42:26 +0000  Processing step: IDEDistributionStreamingZipItemStep
2017-10-09 00:42:26 +0000  Skipping step: IDEDistributionStreamingZipItemStep because it said so
2017-10-09 00:42:26 +0000  Processing step: IDEDistributionCreateIPAStep
2017-10-09 00:42:26 +0000  Running /usr/bin/rsync '-8aPhhE' '/var/folders/ct/ggjr7_bs3cx7x132zfy4xkhc0000gn/T/XcodeDistPipeline.0oH/Symbols' '--link-dest' '/var/folders/ct/ggjr7_bs3cx7x132zfy4xkhc0000gn/T/XcodeDistPipeline.0oH' '/var/folders/ct/ggjr7_bs3cx7x132zfy4xkhc0000gn/T/XcodeDistPipeline.0oH/Root'
2017-10-09 00:42:26 +0000  building file list ... 
2017-10-09 00:42:26 +0000   0 files...2017-10-09 00:42:26 +0000  3 files to consider
2017-10-09 00:42:26 +0000  Symbols/
2017-10-09 00:42:26 +0000  
2017-10-09 00:42:26 +0000  sent 200 bytes  received 26 bytes  452.00 bytes/sec
total size is 638.16K  speedup is 2891.47
2017-10-09 00:42:26 +0000  /usr/bin/rsync exited with 0
2017-10-09 00:42:26 +0000  Running /usr/bin/ditto '-V' '-c' '-k' '--norsrc' '/var/folders/ct/ggjr7_bs3cx7x132zfy4xkhc0000gn/T/XcodeDistPipeline.0oH/Root' '/var/folders/ct/ggjr7_bs3cx7x132zfy4xkhc0000gn/T/XcodeDistPipeline.0oH/Packages/Mais Bartenders.ipa'
2017-10-09 00:42:26 +0000  >>> Copying /var/folders/ct/ggjr7_bs3cx7x132zfy4xkhc0000gn/T/XcodeDistPipeline.0oH/Root 
2017-10-09 00:42:26 +0000  copying file ./Payload/Mais Bartenders.app/_CodeSignature/CodeResources ... 
2017-10-09 00:42:26 +0000  53221 bytes for ./Payload/Mais Bartenders.app/_CodeSignature/CodeResources
2017-10-09 00:42:26 +0000  copying file ./Payload/Mais Bartenders.app/AppIcon29x29.png ... 
2017-10-09 00:42:26 +0000  1803 bytes for ./Payload/Mais Bartenders.app/AppIcon29x29.png
2017-10-09 00:42:26 +0000  copying file ./Payload/Mais Bartenders.app/AppIcon29x29@2x.png ... 
2017-10-09 00:42:26 +0000  3840 bytes for ./Payload/Mais Bartenders.app/AppIcon29x29@2x.png
2017-10-09 00:42:26 +0000  copying file ./Payload/Mais Bartenders.app/AppIcon29x29@2x~ipad.png ... 
2017-10-09 00:42:26 +0000  3840 bytes for ./Payload/Mais Bartenders.app/AppIcon29x29@2x~ipad.png
2017-10-09 00:42:26 +0000  copying file ./Payload/Mais Bartenders.app/AppIcon29x29@3x.png ... 
2017-10-09 00:42:26 +0000  6062 bytes for ./Payload/Mais Bartenders.app/AppIcon29x29@3x.png
2017-10-09 00:42:26 +0000  copying file ./Payload/Mais Bartenders.app/AppIcon29x29~ipad.png ... 
2017-10-09 00:42:26 +0000  1803 bytes for ./Payload/Mais Bartenders.app/AppIcon29x29~ipad.png
copying file ./Payload/Mais Bartenders.app/AppIcon40x40@2x.png ... 
2017-10-09 00:42:26 +0000  5498 bytes for ./Payload/Mais Bartenders.app/AppIcon40x40@2x.png
2017-10-09 00:42:26 +0000  copying file ./Payload/Mais Bartenders.app/AppIcon40x40@2x~ipad.png ... 
2017-10-09 00:42:26 +0000  5498 bytes for ./Payload/Mais Bartenders.app/AppIcon40x40@2x~ipad.png
2017-10-09 00:42:26 +0000  copying file ./Payload/Mais Bartenders.app/AppIcon40x40@3x.png ... 
2017-10-09 00:42:26 +0000  8875 bytes for ./Payload/Mais Bartenders.app/AppIcon40x40@3x.png
2017-10-09 00:42:26 +0000  copying file ./Payload/Mais Bartenders.app/AppIcon40x40~ipad.png ... 
2017-10-09 00:42:26 +0000  2568 bytes for ./Payload/Mais Bartenders.app/AppIcon40x40~ipad.png
2017-10-09 00:42:26 +0000  copying file ./Payload/Mais Bartenders.app/AppIcon50x50@2x~ipad.png ... 
2017-10-09 00:42:26 +0000  7117 bytes for ./Payload/Mais Bartenders.app/AppIcon50x50@2x~ipad.png
2017-10-09 00:42:26 +0000  copying file ./Payload/Mais Bartenders.app/AppIcon50x50~ipad.png ... 
2017-10-09 00:42:26 +0000  3242 bytes for ./Payload/Mais Bartenders.app/AppIcon50x50~ipad.png
2017-10-09 00:42:26 +0000  copying file ./Payload/Mais Bartenders.app/AppIcon57x57.png ... 
2017-10-09 00:42:26 +0000  3746 bytes for ./Payload/Mais Bartenders.app/AppIcon57x57.png
2017-10-09 00:42:26 +0000  copying file ./Payload/Mais Bartenders.app/AppIcon57x57@2x.png ... 
2017-10-09 00:42:26 +0000  8186 bytes for ./Payload/Mais Bartenders.app/AppIcon57x57@2x.png
2017-10-09 00:42:26 +0000  copying file ./Payload/Mais Bartenders.app/AppIcon60x60@2x.png ... 
2017-10-09 00:42:26 +0000  8875 bytes for ./Payload/Mais Bartenders.app/AppIcon60x60@2x.png
2017-10-09 00:42:26 +0000  copying file ./Payload/Mais Bartenders.app/AppIcon60x60@3x.png ... 
2017-10-09 00:42:26 +0000  14818 bytes for ./Payload/Mais Bartenders.app/AppIcon60x60@3x.png
2017-10-09 00:42:26 +0000  copying file ./Payload/Mais Bartenders.app/AppIcon72x72@2x~ipad.png ... 
2017-10-09 00:42:26 +0000  11058 bytes for ./Payload/Mais Bartenders.app/AppIcon72x72@2x~ipad.png
2017-10-09 00:42:26 +0000  copying file ./Payload/Mais Bartenders.app/AppIcon72x72~ipad.png ... 
2017-10-09 00:42:26 +0000  4974 bytes for ./Payload/Mais Bartenders.app/AppIcon72x72~ipad.png
2017-10-09 00:42:26 +0000  copying file ./Payload/Mais Bartenders.app/AppIcon76x76@2x~ipad.png ... 
2017-10-09 00:42:26 +0000  11862 bytes for ./Payload/Mais Bartenders.app/AppIcon76x76@2x~ipad.png
2017-10-09 00:42:26 +0000  copying file ./Payload/Mais Bartenders.app/AppIcon76x76~ipad.png ... 
2017-10-09 00:42:26 +0000  5273 bytes for ./Payload/Mais Bartenders.app/AppIcon76x76~ipad.png
2017-10-09 00:42:26 +0000  copying file ./Payload/Mais Bartenders.app/archived-expanded-entitlements.xcent ... 
181 bytes for ./Payload/Mais Bartenders.app/archived-expanded-entitlements.xcent
2017-10-09 00:42:26 +0000  copying file ./Payload/Mais Bartenders.app/Assets.car ... 
2017-10-09 00:42:26 +0000  245976 bytes for ./Payload/Mais Bartenders.app/Assets.car
2017-10-09 00:42:26 +0000  copying file ./Payload/Mais Bartenders.app/CDVLaunchScreen.storyboardc/01J-lp-oVM-view-Ze5-6b-2t3.nib ... 
2285 bytes for ./Payload/Mais Bartenders.app/CDVLaunchScreen.storyboardc/01J-lp-oVM-view-Ze5-6b-2t3.nib
copying file ./Payload/Mais Bartenders.app/CDVLaunchScreen.storyboardc/Info.plist ... 
258 bytes for ./Payload/Mais Bartenders.app/CDVLaunchScreen.storyboardc/Info.plist
copying file ./Payload/Mais Bartenders.app/CDVLaunchScreen.storyboardc/UIViewController-01J-lp-oVM.nib ... 
832 bytes for ./Payload/Mais Bartenders.app/CDVLaunchScreen.storyboardc/UIViewController-01J-lp-oVM.nib
copying file ./Payload/Mais Bartenders.app/config.xml ... 
2017-10-09 00:42:26 +0000  6318 bytes for ./Payload/Mais Bartenders.app/config.xml
copying file ./Payload/Mais Bartenders.app/embedded.mobileprovision ... 
2017-10-09 00:42:26 +0000  7475 bytes for ./Payload/Mais Bartenders.app/embedded.mobileprovision
2017-10-09 00:42:26 +0000  copying file ./Payload/Mais Bartenders.app/Info.plist ... 
2017-10-09 00:42:26 +0000  2313 bytes for ./Payload/Mais Bartenders.app/Info.plist
2017-10-09 00:42:26 +0000  copying file ./Payload/Mais Bartenders.app/LaunchImage-568h@2x.png ... 
2017-10-09 00:42:26 +0000  32776 bytes for ./Payload/Mais Bartenders.app/LaunchImage-568h@2x.png
2017-10-09 00:42:26 +0000  copying file ./Payload/Mais Bartenders.app/LaunchImage-700-568h@2x.png ... 
2017-10-09 00:42:26 +0000  32776 bytes for ./Payload/Mais Bartenders.app/LaunchImage-700-568h@2x.png
copying file ./Payload/Mais Bartenders.app/LaunchImage-700-Landscape@2x~ipad.png ... 
2017-10-09 00:42:26 +0000  84269 bytes for ./Payload/Mais Bartenders.app/LaunchImage-700-Landscape@2x~ipad.png
2017-10-09 00:42:26 +0000  copying file ./Payload/Mais Bartenders.app/LaunchImage-700-Landscape~ipad.png ... 
2017-10-09 00:42:26 +0000  30562 bytes for ./Payload/Mais Bartenders.app/LaunchImage-700-Landscape~ipad.png
copying file ./Payload/Mais Bartenders.app/LaunchImage-700-Portrait@2x~ipad.png ... 
2017-10-09 00:42:26 +0000  82925 bytes for ./Payload/Mais Bartenders.app/LaunchImage-700-Portrait@2x~ipad.png
copying file ./Payload/Mais Bartenders.app/LaunchImage-700-Portrait~ipad.png ... 
2017-10-09 00:42:26 +0000  30435 bytes for ./Payload/Mais Bartenders.app/LaunchImage-700-Portrait~ipad.png
2017-10-09 00:42:26 +0000  copying file ./Payload/Mais Bartenders.app/LaunchImage-700@2x.png ... 
2017-10-09 00:42:26 +0000  26967 bytes for ./Payload/Mais Bartenders.app/LaunchImage-700@2x.png
copying file ./Payload/Mais Bartenders.app/LaunchImage-800-667h@2x.png ... 
2017-10-09 00:42:26 +0000  41324 bytes for ./Payload/Mais Bartenders.app/LaunchImage-800-667h@2x.png
copying file ./Payload/Mais Bartenders.app/LaunchImage-800-Landscape-736h@3x.png ... 
2017-10-09 00:42:26 +0000  82184 bytes for ./Payload/Mais Bartenders.app/LaunchImage-800-Landscape-736h@3x.png
copying file ./Payload/Mais Bartenders.app/LaunchImage-800-Portrait-736h@3x.png ... 
2017-10-09 00:42:26 +0000  79958 bytes for ./Payload/Mais Bartenders.app/LaunchImage-800-Portrait-736h@3x.png
copying file ./Payload/Mais Bartenders.app/LaunchImage-Portrait@2x~ipad.png ... 
2017-10-09 00:42:26 +0000  82925 bytes for ./Payload/Mais Bartenders.app/LaunchImage-Portrait@2x~ipad.png
copying file ./Payload/Mais Bartenders.app/LaunchImage-Portrait~ipad.png ... 
2017-10-09 00:42:26 +0000  30435 bytes for ./Payload/Mais Bartenders.app/LaunchImage-Portrait~ipad.png
copying file ./Payload/Mais Bartenders.app/LaunchImage.png ... 
2017-10-09 00:42:26 +0000  12238 bytes for ./Payload/Mais Bartenders.app/LaunchImage.png
2017-10-09 00:42:26 +0000  copying file ./Payload/Mais Bartenders.app/LaunchImage@2x.png ... 
2017-10-09 00:42:26 +0000  26967 bytes for ./Payload/Mais Bartenders.app/LaunchImage@2x.png
2017-10-09 00:42:26 +0000  copying file ./Payload/Mais Bartenders.app/MainViewController.nib ... 
2017-10-09 00:42:26 +0000  943 bytes for ./Payload/Mais Bartenders.app/MainViewController.nib
copying file ./Payload/Mais Bartenders.app/Mais Bartenders ... 
2017-10-09 00:42:26 +0000  754368 bytes for ./Payload/Mais Bartenders.app/Mais Bartenders
copying file ./Payload/Mais Bartenders.app/PkgInfo ... 
2017-10-09 00:42:26 +0000  8 bytes for ./Payload/Mais Bartenders.app/PkgInfo
copying file ./Payload/Mais Bartenders.app/www/cordova-js-src/exec.js ... 
8877 bytes for ./Payload/Mais Bartenders.app/www/cordova-js-src/exec.js
copying file ./Payload/Mais Bartenders.app/www/cordova-js-src/platform.js ... 
943 bytes for ./Payload/Mais Bartenders.app/www/cordova-js-src/platform.js
2017-10-09 00:42:26 +0000  copying file ./Payload/Mais Bartenders.app/www/cordova.js ... 
2017-10-09 00:42:26 +0000  61623 bytes for ./Payload/Mais Bartenders.app/www/cordova.js
2017-10-09 00:42:26 +0000  copying file ./Payload/Mais Bartenders.app/www/cordova_plugins.js ... 
2017-10-09 00:42:26 +0000  7208 bytes for ./Payload/Mais Bartenders.app/www/cordova_plugins.js
2017-10-09 00:42:26 +0000  copying file ./Payload/Mais Bartenders.app/www/index.html ... 
2017-10-09 00:42:26 +0000  2826 bytes for ./Payload/Mais Bartenders.app/www/index.html
2017-10-09 00:42:26 +0000  copying file ./Payload/Mais Bartenders.app/www/plugins/com.bez4pieci.cookies/www/cookies.js ... 
2017-10-09 00:42:26 +0000  1748 bytes for ./Payload/Mais Bartenders.app/www/plugins/com.bez4pieci.cookies/www/cookies.js
2017-10-09 00:42:26 +0000  copying file ./Payload/Mais Bartenders.app/www/plugins/cordova-plugin-file/www/browser/isChrome.js ... 
2017-10-09 00:42:26 +0000  1232 bytes for ./Payload/Mais Bartenders.app/www/plugins/cordova-plugin-file/www/browser/isChrome.js
2017-10-09 00:42:26 +0000  copying file ./Payload/Mais Bartenders.app/www/plugins/cordova-plugin-file/www/DirectoryEntry.js ... 
2017-10-09 00:42:26 +0000  4671 bytes for ./Payload/Mais Bartenders.app/www/plugins/cordova-plugin-file/www/DirectoryEntry.js
2017-10-09 00:42:26 +0000  copying file ./Payload/Mais Bartenders.app/www/plugins/cordova-plugin-file/www/DirectoryReader.js ... 
2729 bytes for ./Payload/Mais Bartenders.app/www/plugins/cordova-plugin-file/www/DirectoryReader.js
copying file ./Payload/Mais Bartenders.app/www/plugins/cordova-plugin-file/www/Entry.js ... 
2017-10-09 00:42:26 +0000  9933 bytes for ./Payload/Mais Bartenders.app/www/plugins/cordova-plugin-file/www/Entry.js
copying file ./Payload/Mais Bartenders.app/www/plugins/cordova-plugin-file/www/File.js ... 
2017-10-09 00:42:26 +0000  2712 bytes for ./Payload/Mais Bartenders.app/www/plugins/cordova-plugin-file/www/File.js
copying file ./Payload/Mais Bartenders.app/www/plugins/cordova-plugin-file/www/FileEntry.js ... 
2017-10-09 00:42:26 +0000  3418 bytes for ./Payload/Mais Bartenders.app/www/plugins/cordova-plugin-file/www/FileEntry.js
2017-10-09 00:42:26 +0000  copying file ./Payload/Mais Bartenders.app/www/plugins/cordova-plugin-file/www/FileError.js ... 
2017-10-09 00:42:26 +0000  1480 bytes for ./Payload/Mais Bartenders.app/www/plugins/cordova-plugin-file/www/FileError.js
copying file ./Payload/Mais Bartenders.app/www/plugins/cordova-plugin-file/www/FileReader.js ... 
2017-10-09 00:42:26 +0000  10431 bytes for ./Payload/Mais Bartenders.app/www/plugins/cordova-plugin-file/www/FileReader.js
2017-10-09 00:42:26 +0000  copying file ./Payload/Mais Bartenders.app/www/plugins/cordova-plugin-file/www/FileSystem.js ... 
2017-10-09 00:42:26 +0000  1956 bytes for ./Payload/Mais Bartenders.app/www/plugins/cordova-plugin-file/www/FileSystem.js
copying file ./Payload/Mais Bartenders.app/www/plugins/cordova-plugin-file/www/fileSystemPaths.js ... 
2017-10-09 00:42:26 +0000  2547 bytes for ./Payload/Mais Bartenders.app/www/plugins/cordova-plugin-file/www/fileSystemPaths.js
2017-10-09 00:42:26 +0000  copying file ./Payload/Mais Bartenders.app/www/plugins/cordova-plugin-file/www/fileSystems-roots.js ... 
2017-10-09 00:42:26 +0000  1597 bytes for ./Payload/Mais Bartenders.app/www/plugins/cordova-plugin-file/www/fileSystems-roots.js
copying file ./Payload/Mais Bartenders.app/www/plugins/cordova-plugin-file/www/fileSystems.js ... 
2017-10-09 00:42:26 +0000  1046 bytes for ./Payload/Mais Bartenders.app/www/plugins/cordova-plugin-file/www/fileSystems.js
2017-10-09 00:42:26 +0000  copying file ./Payload/Mais Bartenders.app/www/plugins/cordova-plugin-file/www/FileUploadOptions.js ... 
2017-10-09 00:42:26 +0000  1830 bytes for ./Payload/Mais Bartenders.app/www/plugins/cordova-plugin-file/www/FileUploadOptions.js
copying file ./Payload/Mais Bartenders.app/www/plugins/cordova-plugin-file/www/FileUploadResult.js ... 
2017-10-09 00:42:26 +0000  1101 bytes for ./Payload/Mais Bartenders.app/www/plugins/cordova-plugin-file/www/FileUploadResult.js
2017-10-09 00:42:26 +0000  copying file ./Payload/Mais Bartenders.app/www/plugins/cordova-plugin-file/www/FileWriter.js ... 
2017-10-09 00:42:26 +0000  10427 bytes for ./Payload/Mais Bartenders.app/www/plugins/cordova-plugin-file/www/FileWriter.js
2017-10-09 00:42:26 +0000  copying file ./Payload/Mais Bartenders.app/www/plugins/cordova-plugin-file/www/Flags.js ... 
2017-10-09 00:42:26 +0000  1335 bytes for ./Payload/Mais Bartenders.app/www/plugins/cordova-plugin-file/www/Flags.js
copying file ./Payload/Mais Bartenders.app/www/plugins/cordova-plugin-file/www/ios/FileSystem.js ... 
2017-10-09 00:42:26 +0000  1184 bytes for ./Payload/Mais Bartenders.app/www/plugins/cordova-plugin-file/www/ios/FileSystem.js
2017-10-09 00:42:26 +0000  copying file ./Payload/Mais Bartenders.app/www/plugins/cordova-plugin-file/www/LocalFileSystem.js ... 
2017-10-09 00:42:26 +0000  957 bytes for ./Payload/Mais Bartenders.app/www/plugins/cordova-plugin-file/www/LocalFileSystem.js
copying file ./Payload/Mais Bartenders.app/www/plugins/cordova-plugin-file/www/Metadata.js ... 
2017-10-09 00:42:26 +0000  1485 bytes for ./Payload/Mais Bartenders.app/www/plugins/cordova-plugin-file/www/Metadata.js
2017-10-09 00:42:26 +0000  copying file ./Payload/Mais Bartenders.app/www/plugins/cordova-plugin-file/www/ProgressEvent.js ... 
2017-10-09 00:42:26 +0000  2581 bytes for ./Payload/Mais Bartenders.app/www/plugins/cordova-plugin-file/www/ProgressEvent.js
copying file ./Payload/Mais Bartenders.app/www/plugins/cordova-plugin-file/www/requestFileSystem.js ... 
2017-10-09 00:42:26 +0000  3221 bytes for ./Payload/Mais Bartenders.app/www/plugins/cordova-plugin-file/www/requestFileSystem.js
2017-10-09 00:42:26 +0000  copying file ./Payload/Mais Bartenders.app/www/plugins/cordova-plugin-file/www/resolveLocalFileSystemURI.js ... 
2017-10-09 00:42:26 +0000  4228 bytes for ./Payload/Mais Bartenders.app/www/plugins/cordova-plugin-file/www/resolveLocalFileSystemURI.js
2017-10-09 00:42:26 +0000  copying file ./Payload/Mais Bartenders.app/www/plugins/cordova-plugin-file-transfer/www/FileTransfer.js ... 
2017-10-09 00:42:26 +0000  8568 bytes for ./Payload/Mais Bartenders.app/www/plugins/cordova-plugin-file-transfer/www/FileTransfer.js
2017-10-09 00:42:26 +0000  copying file ./Payload/Mais Bartenders.app/www/plugins/cordova-plugin-file-transfer/www/FileTransferError.js ... 
2017-10-09 00:42:26 +0000  1488 bytes for ./Payload/Mais Bartenders.app/www/plugins/cordova-plugin-file-transfer/www/FileTransferError.js
2017-10-09 00:42:26 +0000  copying file ./Payload/Mais Bartenders.app/www/plugins/cordova-plugin-inappbrowser/www/inappbrowser.js ... 
2017-10-09 00:42:26 +0000  4417 bytes for ./Payload/Mais Bartenders.app/www/plugins/cordova-plugin-inappbrowser/www/inappbrowser.js
2017-10-09 00:42:26 +0000  copying file ./Payload/Mais Bartenders.app/www/plugins/cordova-plugin-splashscreen/www/splashscreen.js ... 
2017-10-09 00:42:26 +0000  1173 bytes for ./Payload/Mais Bartenders.app/www/plugins/cordova-plugin-splashscreen/www/splashscreen.js
2017-10-09 00:42:26 +0000  copying file ./Payload/Mais Bartenders.app/www/plugins/cordova-plugin-statusbar/www/statusbar.js ... 
2017-10-09 00:42:26 +0000  3376 bytes for ./Payload/Mais Bartenders.app/www/plugins/cordova-plugin-statusbar/www/statusbar.js
2017-10-09 00:42:26 +0000  copying file ./Payload/Mais Bartenders.app/www/static/assets/drink-created.png ... 
2017-10-09 00:42:26 +0000  7257 bytes for ./Payload/Mais Bartenders.app/www/static/assets/drink-created.png
2017-10-09 00:42:26 +0000  copying file ./Payload/Mais Bartenders.app/www/static/assets/favicon.png ... 
2017-10-09 00:42:26 +0000  1976 bytes for ./Payload/Mais Bartenders.app/www/static/assets/favicon.png
copying file ./Payload/Mais Bartenders.app/www/static/assets/header-bg.jpg ... 
2017-10-09 00:42:26 +0000  380820 bytes for ./Payload/Mais Bartenders.app/www/static/assets/header-bg.jpg
copying file ./Payload/Mais Bartenders.app/www/static/assets/king.png ... 
2017-10-09 00:42:26 +0000  1919 bytes for ./Payload/Mais Bartenders.app/www/static/assets/king.png
copying file ./Payload/Mais Bartenders.app/www/static/assets/star.png ... 
2017-10-09 00:42:26 +0000  25067 bytes for ./Payload/Mais Bartenders.app/www/static/assets/star.png
2017-10-09 00:42:26 +0000  copying file ./Payload/Mais Bartenders.app/www/static/assets/user_avatar.jpg ... 
2017-10-09 00:42:26 +0000  4737 bytes for ./Payload/Mais Bartenders.app/www/static/assets/user_avatar.jpg
2017-10-09 00:42:26 +0000  copying file ./Payload/Mais Bartenders.app/www/static/build/css/agency.css ... 
2017-10-09 00:42:26 +0000  19665 bytes for ./Payload/Mais Bartenders.app/www/static/build/css/agency.css
copying file ./Payload/Mais Bartenders.app/www/static/build/css/fontawesome.css ... 
2017-10-09 00:42:26 +0000  0 bytes for ./Payload/Mais Bartenders.app/www/static/build/css/fontawesome.css
copying file ./Payload/Mais Bartenders.app/www/static/build/css/general_styles.css ... 
2017-10-09 00:42:26 +0000  5820 bytes for ./Payload/Mais Bartenders.app/www/static/build/css/general_styles.css
copying file ./Payload/Mais Bartenders.app/www/static/build/css/lato.css ... 
2017-10-09 00:42:26 +0000  769 bytes for ./Payload/Mais Bartenders.app/www/static/build/css/lato.css
copying file ./Payload/Mais Bartenders.app/www/static/build/css/lobster_two.css ... 
2017-10-09 00:42:26 +0000  1393 bytes for ./Payload/Mais Bartenders.app/www/static/build/css/lobster_two.css
2017-10-09 00:42:26 +0000  copying file ./Payload/Mais Bartenders.app/www/static/build/css/montserrat.css ... 
2017-10-09 00:42:26 +0000  2832 bytes for ./Payload/Mais Bartenders.app/www/static/build/css/montserrat.css
copying file ./Payload/Mais Bartenders.app/www/static/build/css/robotoslab.css ... 
2017-10-09 00:42:26 +0000  7928 bytes for ./Payload/Mais Bartenders.app/www/static/build/css/robotoslab.css
2017-10-09 00:42:26 +0000  copying file ./Payload/Mais Bartenders.app/www/static/build/css/vendor.css ... 
2017-10-09 00:42:26 +0000  205112 bytes for ./Payload/Mais Bartenders.app/www/static/build/css/vendor.css
2017-10-09 00:42:26 +0000  copying file ./Payload/Mais Bartenders.app/www/static/build/css/vendor.css.map ... 
2017-10-09 00:42:26 +0000  338296 bytes for ./Payload/Mais Bartenders.app/www/static/build/css/vendor.css.map
2017-10-09 00:42:26 +0000  copying file ./Payload/Mais Bartenders.app/www/static/build/fonts/fontawesome-webfont.eot ... 
2017-10-09 00:42:26 +0000  165742 bytes for ./Payload/Mais Bartenders.app/www/static/build/fonts/fontawesome-webfont.eot
2017-10-09 00:42:26 +0000  copying file ./Payload/Mais Bartenders.app/www/static/build/fonts/fontawesome-webfont.svg ... 
2017-10-09 00:42:26 +0000  444379 bytes for ./Payload/Mais Bartenders.app/www/static/build/fonts/fontawesome-webfont.svg
copying file ./Payload/Mais Bartenders.app/www/static/build/fonts/fontawesome-webfont.ttf ... 
2017-10-09 00:42:26 +0000  165548 bytes for ./Payload/Mais Bartenders.app/www/static/build/fonts/fontawesome-webfont.ttf
copying file ./Payload/Mais Bartenders.app/www/static/build/fonts/fontawesome-webfont.woff ... 
2017-10-09 00:42:26 +0000  98024 bytes for ./Payload/Mais Bartenders.app/www/static/build/fonts/fontawesome-webfont.woff
2017-10-09 00:42:26 +0000  copying file ./Payload/Mais Bartenders.app/www/static/build/fonts/fontawesome-webfont.woff2 ... 
2017-10-09 00:42:26 +0000  77160 bytes for ./Payload/Mais Bartenders.app/www/static/build/fonts/fontawesome-webfont.woff2
copying file ./Payload/Mais Bartenders.app/www/static/build/fonts/FontAwesome.otf ... 
2017-10-09 00:42:26 +0000  134808 bytes for ./Payload/Mais Bartenders.app/www/static/build/fonts/FontAwesome.otf
2017-10-09 00:42:26 +0000  copying file ./Payload/Mais Bartenders.app/www/static/build/fonts/lato/Lato-Bold.ttf ... 
2017-10-09 00:42:26 +0000  121788 bytes for ./Payload/Mais Bartenders.app/www/static/build/fonts/lato/Lato-Bold.ttf
copying file ./Payload/Mais Bartenders.app/www/static/build/fonts/lato/Lato-Light.ttf ... 
2017-10-09 00:42:26 +0000  122524 bytes for ./Payload/Mais Bartenders.app/www/static/build/fonts/lato/Lato-Light.ttf
2017-10-09 00:42:26 +0000  copying file ./Payload/Mais Bartenders.app/www/static/build/fonts/lato/Lato-Regular.ttf ... 
2017-10-09 00:42:26 +0000  120196 bytes for ./Payload/Mais Bartenders.app/www/static/build/fonts/lato/Lato-Regular.ttf
2017-10-09 00:42:26 +0000  copying file ./Payload/Mais Bartenders.app/www/static/build/fonts/lobster_two/LobsterTwo-Bold.ttf ... 
2017-10-09 00:42:26 +0000  241104 bytes for ./Payload/Mais Bartenders.app/www/static/build/fonts/lobster_two/LobsterTwo-Bold.ttf
2017-10-09 00:42:26 +0000  copying file ./Payload/Mais Bartenders.app/www/static/build/fonts/lobster_two/LobsterTwo-BoldItalic.ttf ... 
2017-10-09 00:42:26 +0000  235632 bytes for ./Payload/Mais Bartenders.app/www/static/build/fonts/lobster_two/LobsterTwo-BoldItalic.ttf
2017-10-09 00:42:26 +0000  copying file ./Payload/Mais Bartenders.app/www/static/build/fonts/lobster_two/LobsterTwo-Italic.ttf ... 
2017-10-09 00:42:26 +0000  249896 bytes for ./Payload/Mais Bartenders.app/www/static/build/fonts/lobster_two/LobsterTwo-Italic.ttf
2017-10-09 00:42:26 +0000  copying file ./Payload/Mais Bartenders.app/www/static/build/fonts/lobster_two/LobsterTwo-Regular.ttf ... 
2017-10-09 00:42:26 +0000  254332 bytes for ./Payload/Mais Bartenders.app/www/static/build/fonts/lobster_two/LobsterTwo-Regular.ttf
2017-10-09 00:42:26 +0000  copying file ./Payload/Mais Bartenders.app/www/static/build/fonts/montserrat/Montserrat-Bold.ttf ... 
2017-10-09 00:42:26 +0000  191648 bytes for ./Payload/Mais Bartenders.app/www/static/build/fonts/montserrat/Montserrat-Bold.ttf
2017-10-09 00:42:26 +0000  copying file ./Payload/Mais Bartenders.app/www/static/build/fonts/montserrat/Montserrat-Light.ttf ... 
2017-10-09 00:42:26 +0000  192116 bytes for ./Payload/Mais Bartenders.app/www/static/build/fonts/montserrat/Montserrat-Light.ttf
2017-10-09 00:42:26 +0000  copying file ./Payload/Mais Bartenders.app/www/static/build/fonts/montserrat/Montserrat-Regular.ttf ... 
2017-10-09 00:42:26 +0000  190648 bytes for ./Payload/Mais Bartenders.app/www/static/build/fonts/montserrat/Montserrat-Regular.ttf
2017-10-09 00:42:26 +0000  copying file ./Payload/Mais Bartenders.app/www/static/build/fonts/robotoslab/RobotoSlab-Bold.ttf ... 
2017-10-09 00:42:26 +0000  170616 bytes for ./Payload/Mais Bartenders.app/www/static/build/fonts/robotoslab/RobotoSlab-Bold.ttf
copying file ./Payload/Mais Bartenders.app/www/static/build/fonts/robotoslab/RobotoSlab-Light.ttf ... 
2017-10-09 00:42:26 +0000  179096 bytes for ./Payload/Mais Bartenders.app/www/static/build/fonts/robotoslab/RobotoSlab-Light.ttf
2017-10-09 00:42:26 +0000  copying file ./Payload/Mais Bartenders.app/www/static/build/fonts/robotoslab/RobotoSlab-Regular.ttf ... 
2017-10-09 00:42:26 +0000  169064 bytes for ./Payload/Mais Bartenders.app/www/static/build/fonts/robotoslab/RobotoSlab-Regular.ttf
copying file ./Payload/Mais Bartenders.app/www/static/build/fonts/robotoslab/RobotoSlab-Thin.ttf ... 
2017-10-09 00:42:26 +0000  181156 bytes for ./Payload/Mais Bartenders.app/www/static/build/fonts/robotoslab/RobotoSlab-Thin.ttf
2017-10-09 00:42:26 +0000  copying file ./Payload/Mais Bartenders.app/www/static/build/js/agency.js ... 
1301 bytes for ./Payload/Mais Bartenders.app/www/static/build/js/agency.js
copying file ./Payload/Mais Bartenders.app/www/static/build/js/openfb.js ... 
2017-10-09 00:42:26 +0000  12438 bytes for ./Payload/Mais Bartenders.app/www/static/build/js/openfb.js
2017-10-09 00:42:26 +0000  copying file ./Payload/Mais Bartenders.app/www/static/build/js/vendor.js ... 
2017-10-09 00:42:26 +0000  237072 bytes for ./Payload/Mais Bartenders.app/www/static/build/js/vendor.js
copying file ./Payload/Mais Bartenders.app/www/static/build/js/vendor.js.map ... 
2017-10-09 00:42:26 +0000  745850 bytes for ./Payload/Mais Bartenders.app/www/static/build/js/vendor.js.map
2017-10-09 00:42:26 +0000  copying file ./Payload/Mais Bartenders.app/www/static/css/app.42a1a3616b74698d16c8a44dd8537f21.css ... 
2017-10-09 00:42:26 +0000  38188 bytes for ./Payload/Mais Bartenders.app/www/static/css/app.42a1a3616b74698d16c8a44dd8537f21.css
copying file ./Payload/Mais Bartenders.app/www/static/css/app.42a1a3616b74698d16c8a44dd8537f21.css.map ... 
2017-10-09 00:42:26 +0000  78086 bytes for ./Payload/Mais Bartenders.app/www/static/css/app.42a1a3616b74698d16c8a44dd8537f21.css.map
2017-10-09 00:42:26 +0000  copying file ./Payload/Mais Bartenders.app/www/static/img/barone.7b5c2ce.png ... 
2017-10-09 00:42:26 +0000  85546 bytes for ./Payload/Mais Bartenders.app/www/static/img/barone.7b5c2ce.png
copying file ./Payload/Mais Bartenders.app/www/static/img/high_ball.4cf875a.png ... 
2017-10-09 00:42:26 +0000  39697 bytes for ./Payload/Mais Bartenders.app/www/static/img/high_ball.4cf875a.png
2017-10-09 00:42:26 +0000  copying file ./Payload/Mais Bartenders.app/www/static/img/ilha_bela_alto.8f89e9a.png ... 
2017-10-09 00:42:26 +0000  46845 bytes for ./Payload/Mais Bartenders.app/www/static/img/ilha_bela_alto.8f89e9a.png
2017-10-09 00:42:26 +0000  copying file ./Payload/Mais Bartenders.app/www/static/img/ilha_bela_baixo.a0d2a29.png ... 
2017-10-09 00:42:26 +0000  38343 bytes for ./Payload/Mais Bartenders.app/www/static/img/ilha_bela_baixo.a0d2a29.png
copying file ./Payload/Mais Bartenders.app/www/static/img/logo_mb.b183310.png ... 
2017-10-09 00:42:26 +0000  47372 bytes for ./Payload/Mais Bartenders.app/www/static/img/logo_mb.b183310.png
copying file ./Payload/Mais Bartenders.app/www/static/img/logo_mb_2.c7b16ac.png ... 
2017-10-09 00:42:26 +0000  47315 bytes for ./Payload/Mais Bartenders.app/www/static/img/logo_mb_2.c7b16ac.png
copying file ./Payload/Mais Bartenders.app/www/static/img/margarita.bb21ca9.png ... 
2017-10-09 00:42:26 +0000  44439 bytes for ./Payload/Mais Bartenders.app/www/static/img/margarita.bb21ca9.png
2017-10-09 00:42:26 +0000  copying file ./Payload/Mais Bartenders.app/www/static/img/martini.f298167.png ... 
2017-10-09 00:42:26 +0000  50988 bytes for ./Payload/Mais Bartenders.app/www/static/img/martini.f298167.png
2017-10-09 00:42:26 +0000  copying file ./Payload/Mais Bartenders.app/www/static/img/star.d51b933.png ... 
2017-10-09 00:42:26 +0000  25067 bytes for ./Payload/Mais Bartenders.app/www/static/img/star.d51b933.png
2017-10-09 00:42:26 +0000  copying file ./Payload/Mais Bartenders.app/www/static/js/0.a8cecb332e8dff04f0b3.js ... 
2017-10-09 00:42:26 +0000  18817 bytes for ./Payload/Mais Bartenders.app/www/static/js/0.a8cecb332e8dff04f0b3.js
2017-10-09 00:42:26 +0000  copying file ./Payload/Mais Bartenders.app/www/static/js/0.a8cecb332e8dff04f0b3.js.map ... 
2017-10-09 00:42:26 +0000  108504 bytes for ./Payload/Mais Bartenders.app/www/static/js/0.a8cecb332e8dff04f0b3.js.map
2017-10-09 00:42:26 +0000  copying file ./Payload/Mais Bartenders.app/www/static/js/1.7d799658494307499cf7.js ... 
2017-10-09 00:42:26 +0000  8136 bytes for ./Payload/Mais Bartenders.app/www/static/js/1.7d799658494307499cf7.js
2017-10-09 00:42:26 +0000  copying file ./Payload/Mais Bartenders.app/www/static/js/1.7d799658494307499cf7.js.map ... 
2017-10-09 00:42:26 +0000  45282 bytes for ./Payload/Mais Bartenders.app/www/static/js/1.7d799658494307499cf7.js.map
2017-10-09 00:42:26 +0000  copying file ./Payload/Mais Bartenders.app/www/static/js/10.2a98a83e837fbbb2ea4f.js ... 
627 bytes for ./Payload/Mais Bartenders.app/www/static/js/10.2a98a83e837fbbb2ea4f.js
2017-10-09 00:42:26 +0000  copying file ./Payload/Mais Bartenders.app/www/static/js/10.2a98a83e837fbbb2ea4f.js.map ... 
2017-10-09 00:42:26 +0000  5017 bytes for ./Payload/Mais Bartenders.app/www/static/js/10.2a98a83e837fbbb2ea4f.js.map
copying file ./Payload/Mais Bartenders.app/www/static/js/2.c2ec0820d7ff191aade6.js ... 
2017-10-09 00:42:26 +0000  3170 bytes for ./Payload/Mais Bartenders.app/www/static/js/2.c2ec0820d7ff191aade6.js
copying file ./Payload/Mais Bartenders.app/www/static/js/2.c2ec0820d7ff191aade6.js.map ... 
2017-10-09 00:42:26 +0000  18562 bytes for ./Payload/Mais Bartenders.app/www/static/js/2.c2ec0820d7ff191aade6.js.map
copying file ./Payload/Mais Bartenders.app/www/static/js/3.872fe113512db70ab083.js ... 
2017-10-09 00:42:26 +0000  7141 bytes for ./Payload/Mais Bartenders.app/www/static/js/3.872fe113512db70ab083.js
2017-10-09 00:42:26 +0000  copying file ./Payload/Mais Bartenders.app/www/static/js/3.872fe113512db70ab083.js.map ... 
2017-10-09 00:42:26 +0000  39788 bytes for ./Payload/Mais Bartenders.app/www/static/js/3.872fe113512db70ab083.js.map
2017-10-09 00:42:26 +0000  copying file ./Payload/Mais Bartenders.app/www/static/js/4.dcd90a50ce8957e696a0.js ... 
2017-10-09 00:42:26 +0000  2893 bytes for ./Payload/Mais Bartenders.app/www/static/js/4.dcd90a50ce8957e696a0.js
2017-10-09 00:42:26 +0000  copying file ./Payload/Mais Bartenders.app/www/static/js/4.dcd90a50ce8957e696a0.js.map ... 
2017-10-09 00:42:26 +0000  17032 bytes for ./Payload/Mais Bartenders.app/www/static/js/4.dcd90a50ce8957e696a0.js.map
2017-10-09 00:42:26 +0000  copying file ./Payload/Mais Bartenders.app/www/static/js/5.f309d99c1c94ff8f2018.js ... 
2017-10-09 00:42:26 +0000  5594 bytes for ./Payload/Mais Bartenders.app/www/static/js/5.f309d99c1c94ff8f2018.js
2017-10-09 00:42:26 +0000  copying file ./Payload/Mais Bartenders.app/www/static/js/5.f309d99c1c94ff8f2018.js.map ... 
2017-10-09 00:42:26 +0000  29661 bytes for ./Payload/Mais Bartenders.app/www/static/js/5.f309d99c1c94ff8f2018.js.map
2017-10-09 00:42:26 +0000  copying file ./Payload/Mais Bartenders.app/www/static/js/6.fa9ca405318cca7025d5.js ... 
877 bytes for ./Payload/Mais Bartenders.app/www/static/js/6.fa9ca405318cca7025d5.js
2017-10-09 00:42:26 +0000  copying file ./Payload/Mais Bartenders.app/www/static/js/6.fa9ca405318cca7025d5.js.map ... 
2017-10-09 00:42:26 +0000  6128 bytes for ./Payload/Mais Bartenders.app/www/static/js/6.fa9ca405318cca7025d5.js.map
copying file ./Payload/Mais Bartenders.app/www/static/js/7.9e86e82831b481f36858.js ... 
2017-10-09 00:42:26 +0000  417 bytes for ./Payload/Mais Bartenders.app/www/static/js/7.9e86e82831b481f36858.js
copying file ./Payload/Mais Bartenders.app/www/static/js/7.9e86e82831b481f36858.js.map ... 
2017-10-09 00:42:26 +0000  3205 bytes for ./Payload/Mais Bartenders.app/www/static/js/7.9e86e82831b481f36858.js.map
2017-10-09 00:42:26 +0000  copying file ./Payload/Mais Bartenders.app/www/static/js/8.97318e0752d2f7bb0f64.js ... 
2017-10-09 00:42:26 +0000  571 bytes for ./Payload/Mais Bartenders.app/www/static/js/8.97318e0752d2f7bb0f64.js
copying file ./Payload/Mais Bartenders.app/www/static/js/8.97318e0752d2f7bb0f64.js.map ... 
2017-10-09 00:42:26 +0000  3913 bytes for ./Payload/Mais Bartenders.app/www/static/js/8.97318e0752d2f7bb0f64.js.map
2017-10-09 00:42:26 +0000  copying file ./Payload/Mais Bartenders.app/www/static/js/9.afbbf8ae2cb2eeddfe9e.js ... 
2017-10-09 00:42:26 +0000  5204 bytes for ./Payload/Mais Bartenders.app/www/static/js/9.afbbf8ae2cb2eeddfe9e.js
2017-10-09 00:42:26 +0000  copying file ./Payload/Mais Bartenders.app/www/static/js/9.afbbf8ae2cb2eeddfe9e.js.map ... 
2017-10-09 00:42:26 +0000  27587 bytes for ./Payload/Mais Bartenders.app/www/static/js/9.afbbf8ae2cb2eeddfe9e.js.map
2017-10-09 00:42:26 +0000  copying file ./Payload/Mais Bartenders.app/www/static/js/app.c9c10d9dc08ad2d4afef.js ... 
2017-10-09 00:42:26 +0000  231458 bytes for ./Payload/Mais Bartenders.app/www/static/js/app.c9c10d9dc08ad2d4afef.js
copying file ./Payload/Mais Bartenders.app/www/static/js/app.c9c10d9dc08ad2d4afef.js.map ... 
2017-10-09 00:42:26 +0000  1303322 bytes for ./Payload/Mais Bartenders.app/www/static/js/app.c9c10d9dc08ad2d4afef.js.map
2017-10-09 00:42:26 +0000  copying file ./Payload/Mais Bartenders.app/www/static/js/manifest.c0c62a37b95f8c7c1663.js ... 
2017-10-09 00:42:26 +0000  1791 bytes for ./Payload/Mais Bartenders.app/www/static/js/manifest.c0c62a37b95f8c7c1663.js
2017-10-09 00:42:26 +0000  copying file ./Payload/Mais Bartenders.app/www/static/js/manifest.c0c62a37b95f8c7c1663.js.map ... 
2017-10-09 00:42:26 +0000  15474 bytes for ./Payload/Mais Bartenders.app/www/static/js/manifest.c0c62a37b95f8c7c1663.js.map
2017-10-09 00:42:26 +0000  copying file ./Payload/Mais Bartenders.app/www/static/js/vendor.f84dfbd4b042693a8539.js ... 
2017-10-09 00:42:26 +0000  2570663 bytes for ./Payload/Mais Bartenders.app/www/static/js/vendor.f84dfbd4b042693a8539.js
copying file ./Payload/Mais Bartenders.app/www/static/js/vendor.f84dfbd4b042693a8539.js.map ... 
2017-10-09 00:42:27 +0000  11883817 bytes for ./Payload/Mais Bartenders.app/www/static/js/vendor.f84dfbd4b042693a8539.js.map
2017-10-09 00:42:27 +0000  copying file ./Symbols/DC2D0CB8-CD47-3AE0-B91B-007F5B26B4C0.symbols ... 
2017-10-09 00:42:27 +0000  292024 bytes for ./Symbols/DC2D0CB8-CD47-3AE0-B91B-007F5B26B4C0.symbols
2017-10-09 00:42:27 +0000  copying file ./Symbols/DEEDB924-5AF3-32FA-BBD3-8AAC40CE6F48.symbols ... 
2017-10-09 00:42:27 +0000  361448 bytes for ./Symbols/DEEDB924-5AF3-32FA-BBD3-8AAC40CE6F48.symbols
2017-10-09 00:42:27 +0000  /usr/bin/ditto exited with 0
2017-10-09 00:42:27 +0000  Processing step: IDEDistributionCreateManifestStep
2017-10-09 00:42:27 +0000  Skipping step: IDEDistributionCreateManifestStep because it said so
