2018-04-21 13:27:14 +0000  Initial pipeline context: <IDEDistributionProcessingPipelineContext: 0x7fbbe52982f0; archive(resolved)='<IDEArchive: 0x7fbbe73c5680>', distributionTask(resolved)='2', distributionMethod(resolved)='<IDEDistributionMethodiOSAppStoreExport: 0x7fbbe4ab0da0>', team(resolved)='<IDEProvisioningBasicTeam: 0x7fbbe76072a0; teamID='39UED342Q3', teamName='Igor Trindade'>'>
	Chain (11, self inclusive):
	<IDEDistributionProcessingPipelineContext: 0x7fbbe52982f0; archive = '<IDEArchive: 0x7fbbe73c5680>', distributionMethod='<IDEDistributionMethodiOSAppStoreExport: 0x7fbbe4ab0da0>', team='<IDEProvisioningBasicTeam: 0x7fbbe76072a0; teamID='39UED342Q3', teamName='Igor Trindade'>'>
	<IDEDistributionProcessingPipelineContext: 0x7fbbe52d6e30; archive = '<IDEArchive: 0x7fbbe73c5680>', distributionMethod='<IDEDistributionMethodiOSAppStoreExport: 0x7fbbe4ab0da0>', team='<IDEProvisioningBasicTeam: 0x7fbbe76072a0; teamID='39UED342Q3', teamName='Igor Trindade'>'>
	<IDEDistributionContext: 0x7fbbe73a52e0; archive = '<IDEArchive: 0x7fbbe73c5680>', distributionMethod='<IDEDistributionMethodiOSAppStoreExport: 0x7fbbe4ab0da0>', team='<IDEProvisioningBasicTeam: 0x7fbbe76072a0; teamID='39UED342Q3', teamName='Igor Trindade'>'>
	<IDEDistributionContext: 0x7fbbe4b698d0; archive = '<IDEArchive: 0x7fbbe73c5680>', distributionMethod='<IDEDistributionMethodiOSAppStoreExport: 0x7fbbe4ab0da0>', team='<IDEProvisioningBasicTeam: 0x7fbbe76072a0; teamID='39UED342Q3', teamName='Igor Trindade'>'>
	<IDEDistributionContext: 0x7fbbe4b69cf0; archive = '<IDEArchive: 0x7fbbe73c5680>', distributionMethod='<IDEDistributionMethodiOSAppStoreExport: 0x7fbbe4ab0da0>', team='<IDEProvisioningBasicTeam: 0x7fbbe76072a0; teamID='39UED342Q3', teamName='Igor Trindade'>'>
	<IDEDistributionContext: 0x7fbbe567d1c0; archive = '<IDEArchive: 0x7fbbe73c5680>', distributionMethod='<IDEDistributionMethodiOSAppStoreExport: 0x7fbbe4ab0da0>', team='<IDEProvisioningBasicTeam: 0x7fbbe76072a0; teamID='39UED342Q3', teamName='Igor Trindade'>'>
	<IDEDistributionContext: 0x7fbbe70d7e20; archive = '<IDEArchive: 0x7fbbe73c5680>', distributionMethod='<IDEDistributionMethodiOSAppStoreExport: 0x7fbbe4ab0da0>', team='<IDEProvisioningBasicTeam: 0x7fbbe76072a0; teamID='39UED342Q3', teamName='Igor Trindade'>'>
	<IDEDistributionContext: 0x7fbbe4c56a90; archive = '<IDEArchive: 0x7fbbe73c5680>', distributionMethod='<IDEDistributionMethodiOSAppStoreExport: 0x7fbbe4ab0da0>', team='<IDEProvisioningBasicTeam: 0x7fbbe76072a0; teamID='39UED342Q3', teamName='Igor Trindade'>'>
	<IDEDistributionContext: 0x7fbbe746a430; archive = '<IDEArchive: 0x7fbbe73c5680>', distributionMethod='<IDEDistributionMethodiOSAppStoreExport: 0x7fbbe4ab0da0>', team='<IDEProvisioningBasicTeam: 0x7fbbe76072a0; teamID='39UED342Q3', teamName='Igor Trindade'>'>
	<IDEDistributionContext: 0x7fbbe51000b0; archive = '<IDEArchive: 0x7fbbe73c5680>', distributionMethod='<IDEDistributionMethodiOSAppStoreExport: 0x7fbbe4ab0da0>', team='(null)'>
	<IDEDistributionContext: 0x7fbbe4f4b760; archive = '<IDEArchive: 0x7fbbe73c5680>', distributionMethod='(null)', team='(null)'>
</IDEDistributionProcessingPipelineContext: 0x7fbbe52982f0>
2018-04-21 13:27:14 +0000  Processing step: IDEDistributionCreateDestRootStep
2018-04-21 13:27:14 +0000  Processing step: IDEDistributionCopyItemStep
2018-04-21 13:27:14 +0000  Running /usr/bin/ditto '-V' '/Users/igortrindade/Library/Developer/Xcode/Archives/2018-04-21/Mais Bartenders 21-04-2018 10.26.xcarchive/Products/Applications/Mais Bartenders.app' '/var/folders/dh/7z8wnl2j5_v0jk6vcykb9mcr0000gn/T/XcodeDistPipeline.fgN/Root/Payload/Mais Bartenders.app'
2018-04-21 13:27:14 +0000  >>> Copying /Users/igortrindade/Library/Developer/Xcode/Archives/2018-04-21/Mais Bartenders 21-04-2018 10.26.xcarchive/Products/Applications/Mais Bartenders.app 
2018-04-21 13:27:14 +0000  copying file ./_CodeSignature/CodeResources ... 
2018-04-21 13:27:14 +0000  55235 bytes for ./_CodeSignature/CodeResources
2018-04-21 13:27:14 +0000  copying file ./LaunchImage@2x.png ... 
2018-04-21 13:27:14 +0000  26967 bytes for ./LaunchImage@2x.png
2018-04-21 13:27:14 +0000  copying file ./AppIcon20x20@2x.png ... 
2018-04-21 13:27:14 +0000  2568 bytes for ./AppIcon20x20@2x.png
2018-04-21 13:27:14 +0000  copying file ./MainViewController.nib ... 
2018-04-21 13:27:14 +0000  943 bytes for ./MainViewController.nib
2018-04-21 13:27:14 +0000  copying file ./AppIcon57x57.png ... 
2018-04-21 13:27:14 +0000  3746 bytes for ./AppIcon57x57.png
2018-04-21 13:27:14 +0000  copying file ./AppIcon20x20@3x.png ... 
2018-04-21 13:27:14 +0000  3987 bytes for ./AppIcon20x20@3x.png
2018-04-21 13:27:14 +0000  copying file ./AppIcon29x29.png ... 
2018-04-21 13:27:14 +0000  1803 bytes for ./AppIcon29x29.png
2018-04-21 13:27:14 +0000  copying file ./LaunchImage-568h@2x.png ... 
2018-04-21 13:27:14 +0000  32776 bytes for ./LaunchImage-568h@2x.png
2018-04-21 13:27:14 +0000  copying file ./AppIcon60x60@2x.png ... 
2018-04-21 13:27:14 +0000  8875 bytes for ./AppIcon60x60@2x.png
2018-04-21 13:27:14 +0000  copying file ./AppIcon72x72@2x~ipad.png ... 
2018-04-21 13:27:14 +0000  11058 bytes for ./AppIcon72x72@2x~ipad.png
2018-04-21 13:27:14 +0000  copying file ./AppIcon29x29@2x.png ... 
2018-04-21 13:27:14 +0000  3840 bytes for ./AppIcon29x29@2x.png
copying file ./LaunchImage-800-667h@2x.png ... 
2018-04-21 13:27:14 +0000  41324 bytes for ./LaunchImage-800-667h@2x.png
2018-04-21 13:27:14 +0000  copying file ./LaunchImage-Portrait@2x~ipad.png ... 
2018-04-21 13:27:14 +0000  82925 bytes for ./LaunchImage-Portrait@2x~ipad.png
2018-04-21 13:27:14 +0000  copying file ./AppIcon40x40@3x.png ... 
2018-04-21 13:27:14 +0000  8875 bytes for ./AppIcon40x40@3x.png
2018-04-21 13:27:14 +0000  copying file ./AppIcon57x57@2x.png ... 
2018-04-21 13:27:14 +0000  8186 bytes for ./AppIcon57x57@2x.png
2018-04-21 13:27:14 +0000  copying file ./AppIcon29x29~ipad.png ... 
2018-04-21 13:27:14 +0000  1803 bytes for ./AppIcon29x29~ipad.png
2018-04-21 13:27:14 +0000  copying file ./AppIcon40x40@2x.png ... 
2018-04-21 13:27:14 +0000  5498 bytes for ./AppIcon40x40@2x.png
copying file ./LaunchImage-Portrait~ipad.png ... 
2018-04-21 13:27:14 +0000  30435 bytes for ./LaunchImage-Portrait~ipad.png
2018-04-21 13:27:14 +0000  copying file ./AppIcon29x29@3x.png ... 
2018-04-21 13:27:14 +0000  6062 bytes for ./AppIcon29x29@3x.png
2018-04-21 13:27:14 +0000  copying file ./AppIcon60x60@3x.png ... 
2018-04-21 13:27:14 +0000  14818 bytes for ./AppIcon60x60@3x.png
2018-04-21 13:27:14 +0000  copying file ./config.xml ... 
2018-04-21 13:27:14 +0000  6799 bytes for ./config.xml
2018-04-21 13:27:14 +0000  copying file ./www/index.html ... 
2018-04-21 13:27:14 +0000  2343 bytes for ./www/index.html
2018-04-21 13:27:14 +0000  copying file ./www/cordova.js ... 
2018-04-21 13:27:14 +0000  78044 bytes for ./www/cordova.js
2018-04-21 13:27:14 +0000  copying file ./www/plugins/cordova-plugin-file/www/requestFileSystem.js ... 
2018-04-21 13:27:14 +0000  3244 bytes for ./www/plugins/cordova-plugin-file/www/requestFileSystem.js
2018-04-21 13:27:14 +0000  copying file ./www/plugins/cordova-plugin-file/www/DirectoryEntry.js ... 
2018-04-21 13:27:14 +0000  4681 bytes for ./www/plugins/cordova-plugin-file/www/DirectoryEntry.js
2018-04-21 13:27:14 +0000  copying file ./www/plugins/cordova-plugin-file/www/FileSystem.js ... 
2018-04-21 13:27:14 +0000  1960 bytes for ./www/plugins/cordova-plugin-file/www/FileSystem.js
2018-04-21 13:27:14 +0000  copying file ./www/plugins/cordova-plugin-file/www/Flags.js ... 
2018-04-21 13:27:14 +0000  1336 bytes for ./www/plugins/cordova-plugin-file/www/Flags.js
2018-04-21 13:27:14 +0000  copying file ./www/plugins/cordova-plugin-file/www/fileSystemPaths.js ... 
2018-04-21 13:27:14 +0000  2548 bytes for ./www/plugins/cordova-plugin-file/www/fileSystemPaths.js
2018-04-21 13:27:14 +0000  copying file ./www/plugins/cordova-plugin-file/www/FileEntry.js ... 
2018-04-21 13:27:14 +0000  3423 bytes for ./www/plugins/cordova-plugin-file/www/FileEntry.js
2018-04-21 13:27:14 +0000  copying file ./www/plugins/cordova-plugin-file/www/fileSystems.js ... 
2018-04-21 13:27:14 +0000  1047 bytes for ./www/plugins/cordova-plugin-file/www/fileSystems.js
copying file ./www/plugins/cordova-plugin-file/www/DirectoryReader.js ... 
2018-04-21 13:27:14 +0000  2724 bytes for ./www/plugins/cordova-plugin-file/www/DirectoryReader.js
2018-04-21 13:27:14 +0000  copying file ./www/plugins/cordova-plugin-file/www/Metadata.js ... 
2018-04-21 13:27:14 +0000  1488 bytes for ./www/plugins/cordova-plugin-file/www/Metadata.js
2018-04-21 13:27:14 +0000  copying file ./www/plugins/cordova-plugin-file/www/ios/FileSystem.js ... 
2018-04-21 13:27:14 +0000  1222 bytes for ./www/plugins/cordova-plugin-file/www/ios/FileSystem.js
2018-04-21 13:27:14 +0000  copying file ./www/plugins/cordova-plugin-file/www/browser/isChrome.js ... 
2018-04-21 13:27:14 +0000  1232 bytes for ./www/plugins/cordova-plugin-file/www/browser/isChrome.js
2018-04-21 13:27:14 +0000  copying file ./www/plugins/cordova-plugin-file/www/LocalFileSystem.js ... 
2018-04-21 13:27:14 +0000  957 bytes for ./www/plugins/cordova-plugin-file/www/LocalFileSystem.js
2018-04-21 13:27:14 +0000  copying file ./www/plugins/cordova-plugin-file/www/FileReader.js ... 
2018-04-21 13:27:14 +0000  10523 bytes for ./www/plugins/cordova-plugin-file/www/FileReader.js
2018-04-21 13:27:14 +0000  copying file ./www/plugins/cordova-plugin-file/www/fileSystems-roots.js ... 
2018-04-21 13:27:14 +0000  1598 bytes for ./www/plugins/cordova-plugin-file/www/fileSystems-roots.js
2018-04-21 13:27:14 +0000  copying file ./www/plugins/cordova-plugin-file/www/FileUploadOptions.js ... 
2018-04-21 13:27:14 +0000  1831 bytes for ./www/plugins/cordova-plugin-file/www/FileUploadOptions.js
copying file ./www/plugins/cordova-plugin-file/www/FileWriter.js ... 
2018-04-21 13:27:14 +0000  10544 bytes for ./www/plugins/cordova-plugin-file/www/FileWriter.js
copying file ./www/plugins/cordova-plugin-file/www/FileError.js ... 
2018-04-21 13:27:14 +0000  1483 bytes for ./www/plugins/cordova-plugin-file/www/FileError.js
2018-04-21 13:27:14 +0000  copying file ./www/plugins/cordova-plugin-file/www/FileUploadResult.js ... 
2018-04-21 13:27:14 +0000  1111 bytes for ./www/plugins/cordova-plugin-file/www/FileUploadResult.js
2018-04-21 13:27:14 +0000  copying file ./www/plugins/cordova-plugin-file/www/ProgressEvent.js ... 
2018-04-21 13:27:14 +0000  2544 bytes for ./www/plugins/cordova-plugin-file/www/ProgressEvent.js
2018-04-21 13:27:14 +0000  copying file ./www/plugins/cordova-plugin-file/www/File.js ... 
2018-04-21 13:27:14 +0000  2714 bytes for ./www/plugins/cordova-plugin-file/www/File.js
copying file ./www/plugins/cordova-plugin-file/www/resolveLocalFileSystemURI.js ... 
2018-04-21 13:27:14 +0000  4325 bytes for ./www/plugins/cordova-plugin-file/www/resolveLocalFileSystemURI.js
2018-04-21 13:27:14 +0000  copying file ./www/plugins/cordova-plugin-file/www/Entry.js ... 
2018-04-21 13:27:14 +0000  9869 bytes for ./www/plugins/cordova-plugin-file/www/Entry.js
2018-04-21 13:27:14 +0000  copying file ./www/plugins/cordova-plugin-inappbrowser/www/inappbrowser.js ... 
2018-04-21 13:27:14 +0000  4425 bytes for ./www/plugins/cordova-plugin-inappbrowser/www/inappbrowser.js
2018-04-21 13:27:14 +0000  copying file ./www/plugins/cordova-plugin-file-transfer/www/FileTransferError.js ... 
2018-04-21 13:27:14 +0000  1488 bytes for ./www/plugins/cordova-plugin-file-transfer/www/FileTransferError.js
2018-04-21 13:27:14 +0000  copying file ./www/plugins/cordova-plugin-file-transfer/www/FileTransfer.js ... 
2018-04-21 13:27:14 +0000  8568 bytes for ./www/plugins/cordova-plugin-file-transfer/www/FileTransfer.js
2018-04-21 13:27:14 +0000  copying file ./www/plugins/cordova-plugin-statusbar/www/statusbar.js ... 
2018-04-21 13:27:14 +0000  3376 bytes for ./www/plugins/cordova-plugin-statusbar/www/statusbar.js
2018-04-21 13:27:14 +0000  copying file ./www/plugins/cordova-plugin-splashscreen/www/splashscreen.js ... 
2018-04-21 13:27:14 +0000  1173 bytes for ./www/plugins/cordova-plugin-splashscreen/www/splashscreen.js
2018-04-21 13:27:14 +0000  copying file ./www/plugins/cordova-plugin-remove-cookies/www/cookies.js ... 
2018-04-21 13:27:14 +0000  1756 bytes for ./www/plugins/cordova-plugin-remove-cookies/www/cookies.js
2018-04-21 13:27:14 +0000  copying file ./www/static/css/app.ab9544e4be29812ccfe81865f6c11863.css ... 
2018-04-21 13:27:14 +0000  43272 bytes for ./www/static/css/app.ab9544e4be29812ccfe81865f6c11863.css
2018-04-21 13:27:14 +0000  copying file ./www/static/css/app.ab9544e4be29812ccfe81865f6c11863.css.map ... 
2018-04-21 13:27:14 +0000  83262 bytes for ./www/static/css/app.ab9544e4be29812ccfe81865f6c11863.css.map
2018-04-21 13:27:14 +0000  copying file ./www/static/js/8.e3d5fe6cb086f7e3a654.js.map ... 
2018-04-21 13:27:14 +0000  3913 bytes for ./www/static/js/8.e3d5fe6cb086f7e3a654.js.map
2018-04-21 13:27:14 +0000  copying file ./www/static/js/2.4bdc42dd7a69f4125760.js ... 
2018-04-21 13:27:14 +0000  18881 bytes for ./www/static/js/2.4bdc42dd7a69f4125760.js
2018-04-21 13:27:14 +0000  copying file ./www/static/js/app.b67d47f3e186658a5260.js.map ... 
2018-04-21 13:27:14 +0000  1754210 bytes for ./www/static/js/app.b67d47f3e186658a5260.js.map
copying file ./www/static/js/3.89bd267843179fdfb033.js ... 
2018-04-21 13:27:14 +0000  3169 bytes for ./www/static/js/3.89bd267843179fdfb033.js
copying file ./www/static/js/9.f3c3c7841975788ac12b.js ... 
2018-04-21 13:27:14 +0000  5244 bytes for ./www/static/js/9.f3c3c7841975788ac12b.js
2018-04-21 13:27:14 +0000  copying file ./www/static/js/8.e3d5fe6cb086f7e3a654.js ... 
2018-04-21 13:27:14 +0000  571 bytes for ./www/static/js/8.e3d5fe6cb086f7e3a654.js
2018-04-21 13:27:14 +0000  copying file ./www/static/js/1.18518d38938cd7b2f469.js.map ... 
2018-04-21 13:27:14 +0000  59102 bytes for ./www/static/js/1.18518d38938cd7b2f469.js.map
2018-04-21 13:27:14 +0000  copying file ./www/static/js/manifest.15e2b1f1c05e3358cd88.js.map ... 
2018-04-21 13:27:14 +0000  15087 bytes for ./www/static/js/manifest.15e2b1f1c05e3358cd88.js.map
2018-04-21 13:27:14 +0000  copying file ./www/static/js/5.56cd842cd11f35b8d107.js.map ... 
2018-04-21 13:27:14 +0000  29661 bytes for ./www/static/js/5.56cd842cd11f35b8d107.js.map
2018-04-21 13:27:14 +0000  copying file ./www/static/js/4.4b19e941e403aa4fe109.js.map ... 
2018-04-21 13:27:14 +0000  17031 bytes for ./www/static/js/4.4b19e941e403aa4fe109.js.map
2018-04-21 13:27:14 +0000  copying file ./www/static/js/manifest.15e2b1f1c05e3358cd88.js ... 
2018-04-21 13:27:14 +0000  1778 bytes for ./www/static/js/manifest.15e2b1f1c05e3358cd88.js
2018-04-21 13:27:14 +0000  copying file ./www/static/js/1.18518d38938cd7b2f469.js ... 
2018-04-21 13:27:14 +0000  11523 bytes for ./www/static/js/1.18518d38938cd7b2f469.js
2018-04-21 13:27:14 +0000  copying file ./www/static/js/5.56cd842cd11f35b8d107.js ... 
2018-04-21 13:27:14 +0000  5594 bytes for ./www/static/js/5.56cd842cd11f35b8d107.js
2018-04-21 13:27:14 +0000  copying file ./www/static/js/4.4b19e941e403aa4fe109.js ... 
2018-04-21 13:27:14 +0000  2892 bytes for ./www/static/js/4.4b19e941e403aa4fe109.js
2018-04-21 13:27:14 +0000  copying file ./www/static/js/6.1a20f6ec744b07096568.js.map ... 
2018-04-21 13:27:14 +0000  6435 bytes for ./www/static/js/6.1a20f6ec744b07096568.js.map
2018-04-21 13:27:14 +0000  copying file ./www/static/js/app.b67d47f3e186658a5260.js ... 
2018-04-21 13:27:14 +0000  387342 bytes for ./www/static/js/app.b67d47f3e186658a5260.js
2018-04-21 13:27:14 +0000  copying file ./www/static/js/6.1a20f6ec744b07096568.js ... 
2018-04-21 13:27:14 +0000  947 bytes for ./www/static/js/6.1a20f6ec744b07096568.js
2018-04-21 13:27:14 +0000  copying file ./www/static/js/10.cdf22a97a7b859cea293.js ... 
2018-04-21 13:27:14 +0000  627 bytes for ./www/static/js/10.cdf22a97a7b859cea293.js
2018-04-21 13:27:14 +0000  copying file ./www/static/js/0.50f528aa4ba0281a0a10.js.map ... 
2018-04-21 13:27:14 +0000  66215 bytes for ./www/static/js/0.50f528aa4ba0281a0a10.js.map
2018-04-21 13:27:14 +0000  copying file ./www/static/js/vendor.8001b42a9f555b11319e.js ... 
2018-04-21 13:27:14 +0000  4359675 bytes for ./www/static/js/vendor.8001b42a9f555b11319e.js
copying file ./www/static/js/7.68c9ed84a2aea42c3acc.js ... 
2018-04-21 13:27:14 +0000  417 bytes for ./www/static/js/7.68c9ed84a2aea42c3acc.js
copying file ./www/static/js/0.50f528aa4ba0281a0a10.js ... 
2018-04-21 13:27:14 +0000  12659 bytes for ./www/static/js/0.50f528aa4ba0281a0a10.js
2018-04-21 13:27:14 +0000  copying file ./www/static/js/vendor.8001b42a9f555b11319e.js.map ... 
2018-04-21 13:27:14 +0000  5406849 bytes for ./www/static/js/vendor.8001b42a9f555b11319e.js.map
copying file ./www/static/js/7.68c9ed84a2aea42c3acc.js.map ... 
2018-04-21 13:27:14 +0000  3205 bytes for ./www/static/js/7.68c9ed84a2aea42c3acc.js.map
copying file ./www/static/js/10.cdf22a97a7b859cea293.js.map ... 
2018-04-21 13:27:14 +0000  5017 bytes for ./www/static/js/10.cdf22a97a7b859cea293.js.map
2018-04-21 13:27:14 +0000  copying file ./www/static/js/9.f3c3c7841975788ac12b.js.map ... 
2018-04-21 13:27:14 +0000  27799 bytes for ./www/static/js/9.f3c3c7841975788ac12b.js.map
copying file ./www/static/js/2.4bdc42dd7a69f4125760.js.map ... 
2018-04-21 13:27:14 +0000  108839 bytes for ./www/static/js/2.4bdc42dd7a69f4125760.js.map
2018-04-21 13:27:14 +0000  copying file ./www/static/js/3.89bd267843179fdfb033.js.map ... 
2018-04-21 13:27:14 +0000  18561 bytes for ./www/static/js/3.89bd267843179fdfb033.js.map
2018-04-21 13:27:14 +0000  copying file ./www/static/img/high_ball.4cf875a.png ... 
2018-04-21 13:27:14 +0000  39697 bytes for ./www/static/img/high_ball.4cf875a.png
2018-04-21 13:27:14 +0000  copying file ./www/static/img/ilha_bela_alto.8f89e9a.png ... 
2018-04-21 13:27:14 +0000  46845 bytes for ./www/static/img/ilha_bela_alto.8f89e9a.png
2018-04-21 13:27:14 +0000  copying file ./www/static/img/ilha_bela_baixo.a0d2a29.png ... 
2018-04-21 13:27:14 +0000  38343 bytes for ./www/static/img/ilha_bela_baixo.a0d2a29.png
2018-04-21 13:27:14 +0000  copying file ./www/static/img/margarita.bb21ca9.png ... 
2018-04-21 13:27:14 +0000  44439 bytes for ./www/static/img/margarita.bb21ca9.png
2018-04-21 13:27:14 +0000  copying file ./www/static/img/logo_mb.b183310.png ... 
2018-04-21 13:27:14 +0000  47372 bytes for ./www/static/img/logo_mb.b183310.png
2018-04-21 13:27:14 +0000  copying file ./www/static/img/barone.7b5c2ce.png ... 
2018-04-21 13:27:15 +0000  85546 bytes for ./www/static/img/barone.7b5c2ce.png
copying file ./www/static/img/logo_mb_2.c7b16ac.png ... 
2018-04-21 13:27:15 +0000  47315 bytes for ./www/static/img/logo_mb_2.c7b16ac.png
copying file ./www/static/img/martini.f298167.png ... 
2018-04-21 13:27:15 +0000  50988 bytes for ./www/static/img/martini.f298167.png
2018-04-21 13:27:15 +0000  copying file ./www/static/build/css/vendor.css ... 
2018-04-21 13:27:15 +0000  199525 bytes for ./www/static/build/css/vendor.css
2018-04-21 13:27:15 +0000  copying file ./www/static/build/css/montserrat.css ... 
2018-04-21 13:27:15 +0000  2832 bytes for ./www/static/build/css/montserrat.css
2018-04-21 13:27:15 +0000  copying file ./www/static/build/css/lato.css ... 
2018-04-21 13:27:15 +0000  769 bytes for ./www/static/build/css/lato.css
copying file ./www/static/build/css/robotoslab.css ... 
2018-04-21 13:27:15 +0000  7928 bytes for ./www/static/build/css/robotoslab.css
2018-04-21 13:27:15 +0000  copying file ./www/static/build/css/vendor.css.map ... 
2018-04-21 13:27:15 +0000  322700 bytes for ./www/static/build/css/vendor.css.map
copying file ./www/static/build/css/lobster_two.css ... 
2018-04-21 13:27:15 +0000  645 bytes for ./www/static/build/css/lobster_two.css
2018-04-21 13:27:15 +0000  copying file ./www/static/build/css/fontawesome.css ... 
2018-04-21 13:27:15 +0000  0 bytes for ./www/static/build/css/fontawesome.css
2018-04-21 13:27:15 +0000  copying file ./www/static/build/js/vendor.js ... 
2018-04-21 13:27:15 +0000  251479 bytes for ./www/static/build/js/vendor.js
2018-04-21 13:27:15 +0000  copying file ./www/static/build/js/openfb.js ... 
2018-04-21 13:27:15 +0000  12352 bytes for ./www/static/build/js/openfb.js
2018-04-21 13:27:15 +0000  copying file ./www/static/build/js/vendor.js.map ... 
2018-04-21 13:27:15 +0000  744262 bytes for ./www/static/build/js/vendor.js.map
2018-04-21 13:27:15 +0000  copying file ./www/static/build/fonts/fontawesome-webfont.svg ... 
2018-04-21 13:27:15 +0000  444379 bytes for ./www/static/build/fonts/fontawesome-webfont.svg
2018-04-21 13:27:15 +0000  copying file ./www/static/build/fonts/FontAwesome.otf ... 
2018-04-21 13:27:15 +0000  134808 bytes for ./www/static/build/fonts/FontAwesome.otf
2018-04-21 13:27:15 +0000  copying file ./www/static/build/fonts/robotoslab/RobotoSlab-Thin.ttf ... 
2018-04-21 13:27:15 +0000  181156 bytes for ./www/static/build/fonts/robotoslab/RobotoSlab-Thin.ttf
copying file ./www/static/build/fonts/robotoslab/RobotoSlab-Bold.ttf ... 
2018-04-21 13:27:15 +0000  170616 bytes for ./www/static/build/fonts/robotoslab/RobotoSlab-Bold.ttf
copying file ./www/static/build/fonts/robotoslab/RobotoSlab-Light.ttf ... 
2018-04-21 13:27:15 +0000  179096 bytes for ./www/static/build/fonts/robotoslab/RobotoSlab-Light.ttf
2018-04-21 13:27:15 +0000  copying file ./www/static/build/fonts/robotoslab/RobotoSlab-Regular.ttf ... 
2018-04-21 13:27:15 +0000  169064 bytes for ./www/static/build/fonts/robotoslab/RobotoSlab-Regular.ttf
2018-04-21 13:27:15 +0000  copying file ./www/static/build/fonts/lato/Lato-Bold.ttf ... 
2018-04-21 13:27:15 +0000  121788 bytes for ./www/static/build/fonts/lato/Lato-Bold.ttf
copying file ./www/static/build/fonts/lato/Lato-Regular.ttf ... 
2018-04-21 13:27:15 +0000  120196 bytes for ./www/static/build/fonts/lato/Lato-Regular.ttf
2018-04-21 13:27:15 +0000  copying file ./www/static/build/fonts/lato/Lato-Light.ttf ... 
2018-04-21 13:27:15 +0000  122524 bytes for ./www/static/build/fonts/lato/Lato-Light.ttf
2018-04-21 13:27:15 +0000  copying file ./www/static/build/fonts/lobster_two/LobsterTwo-Bold.ttf ... 
2018-04-21 13:27:15 +0000  241104 bytes for ./www/static/build/fonts/lobster_two/LobsterTwo-Bold.ttf
2018-04-21 13:27:15 +0000  copying file ./www/static/build/fonts/lobster_two/LobsterTwo-Regular.ttf ... 
2018-04-21 13:27:15 +0000  254332 bytes for ./www/static/build/fonts/lobster_two/LobsterTwo-Regular.ttf
2018-04-21 13:27:15 +0000  copying file ./www/static/build/fonts/lobster_two/LobsterTwo-BoldItalic.ttf ... 
2018-04-21 13:27:15 +0000  235632 bytes for ./www/static/build/fonts/lobster_two/LobsterTwo-BoldItalic.ttf
2018-04-21 13:27:15 +0000  copying file ./www/static/build/fonts/lobster_two/LobsterTwo-Italic.ttf ... 
2018-04-21 13:27:15 +0000  249896 bytes for ./www/static/build/fonts/lobster_two/LobsterTwo-Italic.ttf
2018-04-21 13:27:15 +0000  copying file ./www/static/build/fonts/fontawesome-webfont.woff2 ... 
2018-04-21 13:27:15 +0000  77160 bytes for ./www/static/build/fonts/fontawesome-webfont.woff2
2018-04-21 13:27:15 +0000  copying file ./www/static/build/fonts/fontawesome-webfont.ttf ... 
2018-04-21 13:27:15 +0000  165548 bytes for ./www/static/build/fonts/fontawesome-webfont.ttf
2018-04-21 13:27:15 +0000  copying file ./www/static/build/fonts/montserrat/Montserrat-Light.ttf ... 
2018-04-21 13:27:15 +0000  192116 bytes for ./www/static/build/fonts/montserrat/Montserrat-Light.ttf
2018-04-21 13:27:15 +0000  copying file ./www/static/build/fonts/montserrat/Montserrat-Bold.ttf ... 
2018-04-21 13:27:15 +0000  191648 bytes for ./www/static/build/fonts/montserrat/Montserrat-Bold.ttf
2018-04-21 13:27:15 +0000  copying file ./www/static/build/fonts/montserrat/Montserrat-Regular.ttf ... 
2018-04-21 13:27:15 +0000  190648 bytes for ./www/static/build/fonts/montserrat/Montserrat-Regular.ttf
2018-04-21 13:27:15 +0000  copying file ./www/static/build/fonts/fontawesome-webfont.woff ... 
2018-04-21 13:27:15 +0000  98024 bytes for ./www/static/build/fonts/fontawesome-webfont.woff
2018-04-21 13:27:15 +0000  copying file ./www/static/build/fonts/fontawesome-webfont.eot ... 
2018-04-21 13:27:15 +0000  165742 bytes for ./www/static/build/fonts/fontawesome-webfont.eot
2018-04-21 13:27:15 +0000  copying file ./www/static/fonts/LobsterTwo-Italic.e02c8a9.ttf ... 
2018-04-21 13:27:15 +0000  249896 bytes for ./www/static/fonts/LobsterTwo-Italic.e02c8a9.ttf
2018-04-21 13:27:15 +0000  copying file ./www/static/fonts/LobsterTwo-BoldItalic.92f89b4.ttf ... 
2018-04-21 13:27:15 +0000  235632 bytes for ./www/static/fonts/LobsterTwo-BoldItalic.92f89b4.ttf
2018-04-21 13:27:15 +0000  copying file ./www/static/fonts/LobsterTwo-Bold.5bc7d54.ttf ... 
2018-04-21 13:27:15 +0000  241104 bytes for ./www/static/fonts/LobsterTwo-Bold.5bc7d54.ttf
2018-04-21 13:27:15 +0000  copying file ./www/static/fonts/LobsterTwo-Regular.3ba9370.ttf ... 
2018-04-21 13:27:15 +0000  254332 bytes for ./www/static/fonts/LobsterTwo-Regular.3ba9370.ttf
2018-04-21 13:27:15 +0000  copying file ./www/static/assets/king.png ... 
2018-04-21 13:27:15 +0000  1919 bytes for ./www/static/assets/king.png
2018-04-21 13:27:15 +0000  copying file ./www/static/assets/user_avatar.jpg ... 
2018-04-21 13:27:15 +0000  4737 bytes for ./www/static/assets/user_avatar.jpg
2018-04-21 13:27:15 +0000  copying file ./www/static/assets/favicon.png ... 
2018-04-21 13:27:15 +0000  1976 bytes for ./www/static/assets/favicon.png
2018-04-21 13:27:15 +0000  copying file ./www/static/assets/header-bg.jpg ... 
2018-04-21 13:27:15 +0000  380820 bytes for ./www/static/assets/header-bg.jpg
2018-04-21 13:27:15 +0000  copying file ./www/static/assets/drink-created.png ... 
2018-04-21 13:27:15 +0000  7257 bytes for ./www/static/assets/drink-created.png
2018-04-21 13:27:15 +0000  copying file ./www/static/assets/star.png ... 
2018-04-21 13:27:15 +0000  25067 bytes for ./www/static/assets/star.png
2018-04-21 13:27:15 +0000  copying file ./www/cordova-js-src/exec.js ... 
2018-04-21 13:27:15 +0000  8877 bytes for ./www/cordova-js-src/exec.js
2018-04-21 13:27:15 +0000  copying file ./www/cordova-js-src/plugin/ios/logger.js ... 
2018-04-21 13:27:15 +0000  10233 bytes for ./www/cordova-js-src/plugin/ios/logger.js
2018-04-21 13:27:15 +0000  copying file ./www/cordova-js-src/plugin/ios/console.js ... 
2018-04-21 13:27:15 +0000  6822 bytes for ./www/cordova-js-src/plugin/ios/console.js
2018-04-21 13:27:15 +0000  copying file ./www/cordova-js-src/platform.js ... 
2018-04-21 13:27:15 +0000  1168 bytes for ./www/cordova-js-src/platform.js
2018-04-21 13:27:15 +0000  copying file ./www/cordova_plugins.js ... 
2018-04-21 13:27:15 +0000  6358 bytes for ./www/cordova_plugins.js
2018-04-21 13:27:15 +0000  copying file ./LaunchImage-Landscape~ipad.png ... 
2018-04-21 13:27:15 +0000  30562 bytes for ./LaunchImage-Landscape~ipad.png
2018-04-21 13:27:15 +0000  copying file ./LaunchImage-700-Portrait~ipad.png ... 
2018-04-21 13:27:15 +0000  30435 bytes for ./LaunchImage-700-Portrait~ipad.png
2018-04-21 13:27:15 +0000  copying file ./Assets.car ... 
2018-04-21 13:27:15 +0000  254920 bytes for ./Assets.car
2018-04-21 13:27:15 +0000  copying file ./AppIcon40x40@2x~ipad.png ... 
2018-04-21 13:27:15 +0000  5498 bytes for ./AppIcon40x40@2x~ipad.png
2018-04-21 13:27:15 +0000  copying file ./AppIcon76x76@2x~ipad.png ... 
2018-04-21 13:27:15 +0000  11862 bytes for ./AppIcon76x76@2x~ipad.png
copying file ./LaunchImage-800-Portrait-736h@3x.png ... 
2018-04-21 13:27:15 +0000  79958 bytes for ./LaunchImage-800-Portrait-736h@3x.png
2018-04-21 13:27:15 +0000  copying file ./AppIcon72x72~ipad.png ... 
2018-04-21 13:27:15 +0000  4974 bytes for ./AppIcon72x72~ipad.png
2018-04-21 13:27:15 +0000  copying file ./CDVLaunchScreen.storyboardc/01J-lp-oVM-view-Ze5-6b-2t3.nib ... 
2018-04-21 13:27:15 +0000  2283 bytes for ./CDVLaunchScreen.storyboardc/01J-lp-oVM-view-Ze5-6b-2t3.nib
2018-04-21 13:27:15 +0000  copying file ./CDVLaunchScreen.storyboardc/UIViewController-01J-lp-oVM.nib ... 
2018-04-21 13:27:15 +0000  832 bytes for ./CDVLaunchScreen.storyboardc/UIViewController-01J-lp-oVM.nib
2018-04-21 13:27:15 +0000  copying file ./CDVLaunchScreen.storyboardc/Info.plist ... 
2018-04-21 13:27:15 +0000  258 bytes for ./CDVLaunchScreen.storyboardc/Info.plist
2018-04-21 13:27:15 +0000  copying file ./LaunchImage-700@2x.png ... 
2018-04-21 13:27:15 +0000  26967 bytes for ./LaunchImage-700@2x.png
2018-04-21 13:27:15 +0000  copying file ./LaunchImage-700-568h@2x.png ... 
2018-04-21 13:27:15 +0000  32776 bytes for ./LaunchImage-700-568h@2x.png
2018-04-21 13:27:15 +0000  copying file ./LaunchImage-Landscape@2x~ipad.png ... 
2018-04-21 13:27:15 +0000  84269 bytes for ./LaunchImage-Landscape@2x~ipad.png
2018-04-21 13:27:15 +0000  copying file ./AppIcon50x50~ipad.png ... 
2018-04-21 13:27:15 +0000  3242 bytes for ./AppIcon50x50~ipad.png
2018-04-21 13:27:15 +0000  copying file ./AppIcon29x29@2x~ipad.png ... 
2018-04-21 13:27:15 +0000  3840 bytes for ./AppIcon29x29@2x~ipad.png
2018-04-21 13:27:15 +0000  copying file ./LaunchImage-700-Landscape@2x~ipad.png ... 
2018-04-21 13:27:15 +0000  84269 bytes for ./LaunchImage-700-Landscape@2x~ipad.png
2018-04-21 13:27:15 +0000  copying file ./Mais Bartenders ... 
2018-04-21 13:27:15 +0000  754992 bytes for ./Mais Bartenders
2018-04-21 13:27:15 +0000  copying file ./AppIcon50x50@2x~ipad.png ... 
7117 bytes for ./AppIcon50x50@2x~ipad.png
copying file ./AppIcon40x40~ipad.png ... 
2018-04-21 13:27:15 +0000  2568 bytes for ./AppIcon40x40~ipad.png
2018-04-21 13:27:15 +0000  copying file ./LaunchImage.png ... 
2018-04-21 13:27:15 +0000  12238 bytes for ./LaunchImage.png
2018-04-21 13:27:15 +0000  copying file ./embedded.mobileprovision ... 
2018-04-21 13:27:15 +0000  7426 bytes for ./embedded.mobileprovision
2018-04-21 13:27:15 +0000  copying file ./LaunchImage-800-Landscape-736h@3x.png ... 
2018-04-21 13:27:15 +0000  82184 bytes for ./LaunchImage-800-Landscape-736h@3x.png
2018-04-21 13:27:15 +0000  copying file ./LaunchImage-700-Portrait@2x~ipad.png ... 
2018-04-21 13:27:15 +0000  82925 bytes for ./LaunchImage-700-Portrait@2x~ipad.png
2018-04-21 13:27:15 +0000  copying file ./LaunchImage-700-Landscape~ipad.png ... 
2018-04-21 13:27:15 +0000  30562 bytes for ./LaunchImage-700-Landscape~ipad.png
2018-04-21 13:27:15 +0000  copying file ./AppIcon20x20@2x~ipad.png ... 
2018-04-21 13:27:15 +0000  2568 bytes for ./AppIcon20x20@2x~ipad.png
2018-04-21 13:27:15 +0000  copying file ./Info.plist ... 
2018-04-21 13:27:15 +0000  2331 bytes for ./Info.plist
2018-04-21 13:27:15 +0000  copying file ./PkgInfo ... 
2018-04-21 13:27:15 +0000  8 bytes for ./PkgInfo
2018-04-21 13:27:15 +0000  copying file ./AppIcon76x76~ipad.png ... 
2018-04-21 13:27:15 +0000  5273 bytes for ./AppIcon76x76~ipad.png
2018-04-21 13:27:15 +0000  
2018-04-21 13:27:15 +0000  
2018-04-21 13:27:15 +0000  2018-04-21 13:27:15 +0000  /usr/bin/ditto exited with 0

2018-04-21 13:27:15 +0000  2018-04-21 13:27:15 +0000  

2018-04-21 13:27:15 +0000  Processing step: IDEDistributionEmbedProfileStep
2018-04-21 13:27:15 +0000  Processing step: IDEDistributionItemRemovalStep
2018-04-21 13:27:15 +0000  Processing step: IDEDistributionAppThinningPlistStep
2018-04-21 13:27:15 +0000  Skipping step: IDEDistributionAppThinningPlistStep because it said so
2018-04-21 13:27:15 +0000  Processing step: IDEDistributionCompileBitcodeStep
2018-04-21 13:27:15 +0000  Skipping step: IDEDistributionCompileBitcodeStep because it said so
2018-04-21 13:27:15 +0000  Processing step: IDEDistributionCodeSlimmingStep
2018-04-21 13:27:15 +0000  Processing step: IDEDistributionCopyBCSymbolMapsStep
2018-04-21 13:27:15 +0000  Processing step: IDEDistributionSymbolsStep
2018-04-21 13:27:15 +0000  Processing symbols for Mais Bartenders.app
2018-04-21 13:27:15 +0000  Running /usr/bin/rsync '-8aPhhE' '/var/folders/dh/7z8wnl2j5_v0jk6vcykb9mcr0000gn/T/XcodeDistPipeline.fgN/Root/Payload/Mais Bartenders.app' '--link-dest' '/var/folders/dh/7z8wnl2j5_v0jk6vcykb9mcr0000gn/T/XcodeDistPipeline.fgN/Root/Payload' '/var/folders/dh/7z8wnl2j5_v0jk6vcykb9mcr0000gn/T/XcodeDistPipeline.fgN'
2018-04-21 13:27:15 +0000  building file list ... 
2018-04-21 13:27:15 +0000   0 files...2018-04-21 13:27:15 +0000   100 files...2018-04-21 13:27:15 +0000  198 files to consider
2018-04-21 13:27:15 +0000  Mais Bartenders.app/
2018-04-21 13:27:15 +0000  Mais Bartenders.app/CDVLaunchScreen.storyboardc/
Mais Bartenders.app/_CodeSignature/
Mais Bartenders.app/www/
2018-04-21 13:27:15 +0000  Mais Bartenders.app/www/cordova-js-src/
Mais Bartenders.app/www/cordova-js-src/plugin/
Mais Bartenders.app/www/cordova-js-src/plugin/ios/
Mais Bartenders.app/www/plugins/
Mais Bartenders.app/www/plugins/cordova-plugin-file-transfer/
Mais Bartenders.app/www/plugins/cordova-plugin-file-transfer/www/
Mais Bartenders.app/www/plugins/cordova-plugin-file/
Mais Bartenders.app/www/plugins/cordova-plugin-file/www/
Mais Bartenders.app/www/plugins/cordova-plugin-file/www/browser/
Mais Bartenders.app/www/plugins/cordova-plugin-file/www/ios/
Mais Bartenders.app/www/plugins/cordova-plugin-inappbrowser/
Mais Bartenders.app/www/plugins/cordova-plugin-inappbrowser/www/
Mais Bartenders.app/www/plugins/cordova-plugin-remove-cookies/
Mais Bartenders.app/www/plugins/cordova-plugin-remove-cookies/www/
Mais Bartenders.app/www/plugins/cordova-plugin-splashscreen/
Mais Bartenders.app/www/plugins/cordova-plugin-splashscreen/www/
Mais Bartenders.app/www/plugins/cordova-plugin-statusbar/
Mais Bartenders.app/www/plugins/cordova-plugin-statusbar/www/
Mais Bartenders.app/www/static/
Mais Bartenders.app/www/static/assets/
Mais Bartenders.app/www/static/build/
Mais Bartenders.app/www/static/build/css/
Mais Bartenders.app/www/static/build/fonts/
Mais Bartenders.app/www/static/build/fonts/lato/
Mais Bartenders.app/www/static/build/fonts/lobster_two/
Mais Bartenders.app/www/static/build/fonts/montserrat/
Mais Bartenders.app/www/static/build/fonts/robotoslab/
Mais Bartenders.app/www/static/build/js/
Mais Bartenders.app/www/static/css/
Mais Bartenders.app/www/static/fonts/
Mais Bartenders.app/www/static/img/
Mais Bartenders.app/www/static/js/
2018-04-21 13:27:15 +0000  
sent 5.62K bytes  received 236 bytes  11.69K bytes/sec
total size is 20.72M  speedup is 3628.48
2018-04-21 13:27:15 +0000  2018-04-21 13:27:15 +0000  /usr/bin/rsync exited with 0

2018-04-21 13:27:15 +0000  2018-04-21 13:27:15 +0000  

2018-04-21 13:27:15 +0000  Running /usr/bin/rsync '-8aPhhE' '/Users/igortrindade/Library/Developer/Xcode/Archives/2018-04-21/Mais Bartenders 21-04-2018 10.26.xcarchive/dSYMs/' '--link-dest' '/Users/igortrindade/Library/Developer/Xcode/Archives/2018-04-21/Mais Bartenders 21-04-2018 10.26.xcarchive/dSYMs/' '/var/folders/dh/7z8wnl2j5_v0jk6vcykb9mcr0000gn/T/XcodeDistPipeline.fgN'
2018-04-21 13:27:15 +0000  building file list ... 
2018-04-21 13:27:15 +0000   0 files...2018-04-21 13:27:15 +0000  7 files to consider
2018-04-21 13:27:15 +0000  ./
2018-04-21 13:27:15 +0000  Mais Bartenders.app.dSYM/
Mais Bartenders.app.dSYM/Contents/
2018-04-21 13:27:15 +0000  Mais Bartenders.app.dSYM/Contents/Resources/
Mais Bartenders.app.dSYM/Contents/Resources/DWARF/
2018-04-21 13:27:15 +0000  
sent 261 bytes  received 50 bytes  622.00 bytes/sec
total size is 2.22M  speedup is 7489.00
2018-04-21 13:27:15 +0000  
2018-04-21 13:27:15 +0000  
2018-04-21 13:27:15 +0000  /usr/bin/rsync exited with 02018-04-21 13:27:15 +0000  
2018-04-21 13:27:15 +0000  

2018-04-21 13:27:15 +0000  Running /Applications/Xcode.app/Contents/Developer/usr/bin/symbols '-noTextInSOD' '-noDaemon' '-arch' 'all' '-symbolsPackageDir' '/var/folders/dh/7z8wnl2j5_v0jk6vcykb9mcr0000gn/T/XcodeDistPipeline.fgN/Symbols' '/var/folders/dh/7z8wnl2j5_v0jk6vcykb9mcr0000gn/T/XcodeDistPipeline.fgN/Mais Bartenders.app.dSYM/Contents/Resources/Dwarf/Mais Bartenders'
2018-04-21 13:27:15 +0000  /var/folders/dh/7z8wnl2j5_v0jk6vcykb9mcr0000gn/T/XcodeDistPipeline.fgN/Mais Bartenders.app.dSYM/Contents/Resources/Dwarf/Mais Bartenders [armv7, 0.043726 seconds]:
/var/folders/dh/7z8wnl2j5_v0jk6vcykb9mcr0000gn/T/XcodeDistPipeline.fgN/Mais Bartenders.app.dSYM/Contents/Resources/Dwarf/Mais Bartenders [arm64, 0.043726 seconds]:
2018-04-21 13:27:15 +0000  
2018-04-21 13:27:15 +0000  /Applications/Xcode.app/Contents/Developer/usr/bin/symbols exited with 02018-04-21 13:27:15 +0000  
2018-04-21 13:27:15 +0000  

2018-04-21 13:27:15 +0000  Processing step: IDEDistributionCopyAppleProvidedContentStep
2018-04-21 13:27:15 +0000  Processing step: IDEDistributionAppThinningStep
2018-04-21 13:27:15 +0000  Skipping step: IDEDistributionAppThinningStep because it said so
2018-04-21 13:27:15 +0000  Processing step: IDEDistributionODRStep
2018-04-21 13:27:15 +0000  Processing step: IDEDistributionStripXattrsStep
2018-04-21 13:27:15 +0000  Running /usr/bin/xattr '-crs' '/var/folders/dh/7z8wnl2j5_v0jk6vcykb9mcr0000gn/T/XcodeDistPipeline.fgN/Root/Payload/Mais Bartenders.app'
2018-04-21 13:27:15 +0000  2018-04-21 13:27:15 +0000  2018-04-21 13:27:15 +0000  /usr/bin/xattr exited with 0


2018-04-21 13:27:15 +0000  Processing step: IDEDistributionCodesignStep
2018-04-21 13:27:15 +0000  Entitlements for <IDEDistributionItem: 0x7fbbe7607ac0 'com.br.menu.maisbartenders' '<DVTFilePath:0x7fbbdb75f840:'/Users/igortrindade/Library/Developer/Xcode/Archives/2018-04-21/Mais Bartenders 21-04-2018 10.26.xcarchive/Products/Applications/Mais Bartenders.app'>'>: {
    "application-identifier" = "39UED342Q3.com.br.menu.maisbartenders";
    "beta-reports-active" = 1;
    "com.apple.developer.team-identifier" = 39UED342Q3;
    "get-task-allow" = 0;
}
2018-04-21 13:27:15 +0000  Writing entitlements for <IDEDistributionItem: 0x7fbbe7607ac0 'com.br.menu.maisbartenders' '<DVTFilePath:0x7fbbdb75f840:'/Users/igortrindade/Library/Developer/Xcode/Archives/2018-04-21/Mais Bartenders 21-04-2018 10.26.xcarchive/Products/Applications/Mais Bartenders.app'>'> to: /var/folders/dh/7z8wnl2j5_v0jk6vcykb9mcr0000gn/T/XcodeDistPipeline.fgN/entitlementsgod7fJ
2018-04-21 13:27:15 +0000  Running /usr/bin/codesign '-vvv' '--force' '--sign' '29E9CF46D25A2AC27F02C6301926DEB51574D945' '--preserve-metadata=identifier,flags' '--entitlements' '/var/folders/dh/7z8wnl2j5_v0jk6vcykb9mcr0000gn/T/XcodeDistPipeline.fgN/entitlementsgod7fJ' '/var/folders/dh/7z8wnl2j5_v0jk6vcykb9mcr0000gn/T/XcodeDistPipeline.fgN/Root/Payload/Mais Bartenders.app'
2018-04-21 13:27:15 +0000  /var/folders/dh/7z8wnl2j5_v0jk6vcykb9mcr0000gn/T/XcodeDistPipeline.fgN/Root/Payload/Mais Bartenders.app: replacing existing signature
2018-04-21 13:27:16 +0000  /var/folders/dh/7z8wnl2j5_v0jk6vcykb9mcr0000gn/T/XcodeDistPipeline.fgN/Root/Payload/Mais Bartenders.app: signed app bundle with Mach-O universal (armv7 arm64) [com.br.menu.maisbartenders]
2018-04-21 13:27:16 +0000  
2018-04-21 13:27:16 +0000  
2018-04-21 13:27:16 +0000  2018-04-21 13:27:16 +0000  /usr/bin/codesign exited with 0

2018-04-21 13:27:16 +0000  
2018-04-21 13:27:16 +0000  Processing step: IDEDistributionStreamingZipItemStep
2018-04-21 13:27:16 +0000  Skipping step: IDEDistributionStreamingZipItemStep because it said so
2018-04-21 13:27:16 +0000  Processing step: IDEDistributionCreateIPAStep
2018-04-21 13:27:16 +0000  Running /usr/bin/rsync '-8aPhhE' '/var/folders/dh/7z8wnl2j5_v0jk6vcykb9mcr0000gn/T/XcodeDistPipeline.fgN/Symbols' '--link-dest' '/var/folders/dh/7z8wnl2j5_v0jk6vcykb9mcr0000gn/T/XcodeDistPipeline.fgN' '/var/folders/dh/7z8wnl2j5_v0jk6vcykb9mcr0000gn/T/XcodeDistPipeline.fgN/Root'
2018-04-21 13:27:16 +0000  building file list ... 
2018-04-21 13:27:16 +0000   0 files...2018-04-21 13:27:16 +0000  3 files to consider
2018-04-21 13:27:16 +0000  Symbols/
2018-04-21 13:27:16 +0000  
sent 201 bytes  received 26 bytes  454.00 bytes/sec
total size is 475.55K  speedup is 2145.23
2018-04-21 13:27:16 +0000  2018-04-21 13:27:16 +0000  

2018-04-21 13:27:16 +0000  /usr/bin/rsync exited with 0
2018-04-21 13:27:16 +0000  2018-04-21 13:27:16 +0000  

2018-04-21 13:27:16 +0000  Running /usr/bin/ditto '-V' '-c' '-k' '--norsrc' '/var/folders/dh/7z8wnl2j5_v0jk6vcykb9mcr0000gn/T/XcodeDistPipeline.fgN/Root' '/var/folders/dh/7z8wnl2j5_v0jk6vcykb9mcr0000gn/T/XcodeDistPipeline.fgN/Packages/Mais Bartenders.ipa'
2018-04-21 13:27:16 +0000  >>> Copying /var/folders/dh/7z8wnl2j5_v0jk6vcykb9mcr0000gn/T/XcodeDistPipeline.fgN/Root 
2018-04-21 13:27:16 +0000  copying file ./Payload/Mais Bartenders.app/_CodeSignature/CodeResources ... 
2018-04-21 13:27:16 +0000  55235 bytes for ./Payload/Mais Bartenders.app/_CodeSignature/CodeResources
2018-04-21 13:27:16 +0000  copying file ./Payload/Mais Bartenders.app/LaunchImage@2x.png ... 
2018-04-21 13:27:16 +0000  26967 bytes for ./Payload/Mais Bartenders.app/LaunchImage@2x.png
2018-04-21 13:27:16 +0000  copying file ./Payload/Mais Bartenders.app/AppIcon20x20@2x.png ... 
2018-04-21 13:27:16 +0000  2568 bytes for ./Payload/Mais Bartenders.app/AppIcon20x20@2x.png
copying file ./Payload/Mais Bartenders.app/MainViewController.nib ... 
2018-04-21 13:27:16 +0000  943 bytes for ./Payload/Mais Bartenders.app/MainViewController.nib
2018-04-21 13:27:16 +0000  copying file ./Payload/Mais Bartenders.app/AppIcon57x57.png ... 
2018-04-21 13:27:16 +0000  3746 bytes for ./Payload/Mais Bartenders.app/AppIcon57x57.png
copying file ./Payload/Mais Bartenders.app/AppIcon20x20@3x.png ... 
2018-04-21 13:27:16 +0000  3987 bytes for ./Payload/Mais Bartenders.app/AppIcon20x20@3x.png
2018-04-21 13:27:16 +0000  copying file ./Payload/Mais Bartenders.app/AppIcon29x29.png ... 
2018-04-21 13:27:16 +0000  1803 bytes for ./Payload/Mais Bartenders.app/AppIcon29x29.png
2018-04-21 13:27:16 +0000  copying file ./Payload/Mais Bartenders.app/LaunchImage-568h@2x.png ... 
2018-04-21 13:27:16 +0000  32776 bytes for ./Payload/Mais Bartenders.app/LaunchImage-568h@2x.png
2018-04-21 13:27:16 +0000  copying file ./Payload/Mais Bartenders.app/AppIcon60x60@2x.png ... 
2018-04-21 13:27:16 +0000  8875 bytes for ./Payload/Mais Bartenders.app/AppIcon60x60@2x.png
2018-04-21 13:27:16 +0000  copying file ./Payload/Mais Bartenders.app/AppIcon72x72@2x~ipad.png ... 
2018-04-21 13:27:16 +0000  11058 bytes for ./Payload/Mais Bartenders.app/AppIcon72x72@2x~ipad.png
2018-04-21 13:27:16 +0000  copying file ./Payload/Mais Bartenders.app/AppIcon29x29@2x.png ... 
2018-04-21 13:27:16 +0000  3840 bytes for ./Payload/Mais Bartenders.app/AppIcon29x29@2x.png
2018-04-21 13:27:16 +0000  copying file ./Payload/Mais Bartenders.app/LaunchImage-800-667h@2x.png ... 
2018-04-21 13:27:16 +0000  41324 bytes for ./Payload/Mais Bartenders.app/LaunchImage-800-667h@2x.png
2018-04-21 13:27:16 +0000  copying file ./Payload/Mais Bartenders.app/LaunchImage-Portrait@2x~ipad.png ... 
2018-04-21 13:27:16 +0000  82925 bytes for ./Payload/Mais Bartenders.app/LaunchImage-Portrait@2x~ipad.png
2018-04-21 13:27:16 +0000  copying file ./Payload/Mais Bartenders.app/AppIcon40x40@3x.png ... 
2018-04-21 13:27:16 +0000  8875 bytes for ./Payload/Mais Bartenders.app/AppIcon40x40@3x.png
2018-04-21 13:27:16 +0000  copying file ./Payload/Mais Bartenders.app/AppIcon57x57@2x.png ... 
2018-04-21 13:27:16 +0000  8186 bytes for ./Payload/Mais Bartenders.app/AppIcon57x57@2x.png
2018-04-21 13:27:16 +0000  copying file ./Payload/Mais Bartenders.app/AppIcon29x29~ipad.png ... 
2018-04-21 13:27:16 +0000  1803 bytes for ./Payload/Mais Bartenders.app/AppIcon29x29~ipad.png
2018-04-21 13:27:16 +0000  copying file ./Payload/Mais Bartenders.app/AppIcon40x40@2x.png ... 
2018-04-21 13:27:16 +0000  5498 bytes for ./Payload/Mais Bartenders.app/AppIcon40x40@2x.png
2018-04-21 13:27:16 +0000  copying file ./Payload/Mais Bartenders.app/LaunchImage-Portrait~ipad.png ... 
2018-04-21 13:27:16 +0000  30435 bytes for ./Payload/Mais Bartenders.app/LaunchImage-Portrait~ipad.png
copying file ./Payload/Mais Bartenders.app/AppIcon29x29@3x.png ... 
2018-04-21 13:27:16 +0000  6062 bytes for ./Payload/Mais Bartenders.app/AppIcon29x29@3x.png
2018-04-21 13:27:16 +0000  copying file ./Payload/Mais Bartenders.app/AppIcon60x60@3x.png ... 
2018-04-21 13:27:16 +0000  14818 bytes for ./Payload/Mais Bartenders.app/AppIcon60x60@3x.png
2018-04-21 13:27:16 +0000  copying file ./Payload/Mais Bartenders.app/config.xml ... 
2018-04-21 13:27:16 +0000  6799 bytes for ./Payload/Mais Bartenders.app/config.xml
2018-04-21 13:27:16 +0000  copying file ./Payload/Mais Bartenders.app/www/index.html ... 
2018-04-21 13:27:16 +0000  2343 bytes for ./Payload/Mais Bartenders.app/www/index.html
2018-04-21 13:27:16 +0000  copying file ./Payload/Mais Bartenders.app/www/cordova.js ... 
2018-04-21 13:27:16 +0000  78044 bytes for ./Payload/Mais Bartenders.app/www/cordova.js
2018-04-21 13:27:16 +0000  copying file ./Payload/Mais Bartenders.app/www/plugins/cordova-plugin-file/www/requestFileSystem.js ... 
2018-04-21 13:27:16 +0000  3244 bytes for ./Payload/Mais Bartenders.app/www/plugins/cordova-plugin-file/www/requestFileSystem.js
2018-04-21 13:27:16 +0000  copying file ./Payload/Mais Bartenders.app/www/plugins/cordova-plugin-file/www/DirectoryEntry.js ... 
2018-04-21 13:27:16 +0000  4681 bytes for ./Payload/Mais Bartenders.app/www/plugins/cordova-plugin-file/www/DirectoryEntry.js
2018-04-21 13:27:16 +0000  copying file ./Payload/Mais Bartenders.app/www/plugins/cordova-plugin-file/www/FileSystem.js ... 
2018-04-21 13:27:16 +0000  1960 bytes for ./Payload/Mais Bartenders.app/www/plugins/cordova-plugin-file/www/FileSystem.js
copying file ./Payload/Mais Bartenders.app/www/plugins/cordova-plugin-file/www/Flags.js ... 
2018-04-21 13:27:16 +0000  1336 bytes for ./Payload/Mais Bartenders.app/www/plugins/cordova-plugin-file/www/Flags.js
2018-04-21 13:27:16 +0000  copying file ./Payload/Mais Bartenders.app/www/plugins/cordova-plugin-file/www/fileSystemPaths.js ... 
2018-04-21 13:27:16 +0000  2548 bytes for ./Payload/Mais Bartenders.app/www/plugins/cordova-plugin-file/www/fileSystemPaths.js
copying file ./Payload/Mais Bartenders.app/www/plugins/cordova-plugin-file/www/FileEntry.js ... 
2018-04-21 13:27:16 +0000  3423 bytes for ./Payload/Mais Bartenders.app/www/plugins/cordova-plugin-file/www/FileEntry.js
2018-04-21 13:27:16 +0000  copying file ./Payload/Mais Bartenders.app/www/plugins/cordova-plugin-file/www/fileSystems.js ... 
2018-04-21 13:27:16 +0000  1047 bytes for ./Payload/Mais Bartenders.app/www/plugins/cordova-plugin-file/www/fileSystems.js
copying file ./Payload/Mais Bartenders.app/www/plugins/cordova-plugin-file/www/DirectoryReader.js ... 
2018-04-21 13:27:16 +0000  2724 bytes for ./Payload/Mais Bartenders.app/www/plugins/cordova-plugin-file/www/DirectoryReader.js
2018-04-21 13:27:16 +0000  copying file ./Payload/Mais Bartenders.app/www/plugins/cordova-plugin-file/www/Metadata.js ... 
2018-04-21 13:27:16 +0000  1488 bytes for ./Payload/Mais Bartenders.app/www/plugins/cordova-plugin-file/www/Metadata.js
2018-04-21 13:27:16 +0000  copying file ./Payload/Mais Bartenders.app/www/plugins/cordova-plugin-file/www/ios/FileSystem.js ... 
2018-04-21 13:27:16 +0000  1222 bytes for ./Payload/Mais Bartenders.app/www/plugins/cordova-plugin-file/www/ios/FileSystem.js
2018-04-21 13:27:16 +0000  copying file ./Payload/Mais Bartenders.app/www/plugins/cordova-plugin-file/www/browser/isChrome.js ... 
2018-04-21 13:27:16 +0000  1232 bytes for ./Payload/Mais Bartenders.app/www/plugins/cordova-plugin-file/www/browser/isChrome.js
2018-04-21 13:27:16 +0000  copying file ./Payload/Mais Bartenders.app/www/plugins/cordova-plugin-file/www/LocalFileSystem.js ... 
2018-04-21 13:27:16 +0000  957 bytes for ./Payload/Mais Bartenders.app/www/plugins/cordova-plugin-file/www/LocalFileSystem.js
2018-04-21 13:27:16 +0000  copying file ./Payload/Mais Bartenders.app/www/plugins/cordova-plugin-file/www/FileReader.js ... 
2018-04-21 13:27:16 +0000  10523 bytes for ./Payload/Mais Bartenders.app/www/plugins/cordova-plugin-file/www/FileReader.js
2018-04-21 13:27:16 +0000  copying file ./Payload/Mais Bartenders.app/www/plugins/cordova-plugin-file/www/fileSystems-roots.js ... 
2018-04-21 13:27:16 +0000  1598 bytes for ./Payload/Mais Bartenders.app/www/plugins/cordova-plugin-file/www/fileSystems-roots.js
copying file ./Payload/Mais Bartenders.app/www/plugins/cordova-plugin-file/www/FileUploadOptions.js ... 
2018-04-21 13:27:16 +0000  1831 bytes for ./Payload/Mais Bartenders.app/www/plugins/cordova-plugin-file/www/FileUploadOptions.js
2018-04-21 13:27:16 +0000  copying file ./Payload/Mais Bartenders.app/www/plugins/cordova-plugin-file/www/FileWriter.js ... 
2018-04-21 13:27:16 +0000  10544 bytes for ./Payload/Mais Bartenders.app/www/plugins/cordova-plugin-file/www/FileWriter.js
2018-04-21 13:27:16 +0000  copying file ./Payload/Mais Bartenders.app/www/plugins/cordova-plugin-file/www/FileError.js ... 
2018-04-21 13:27:16 +0000  1483 bytes for ./Payload/Mais Bartenders.app/www/plugins/cordova-plugin-file/www/FileError.js
copying file ./Payload/Mais Bartenders.app/www/plugins/cordova-plugin-file/www/FileUploadResult.js ... 
2018-04-21 13:27:16 +0000  1111 bytes for ./Payload/Mais Bartenders.app/www/plugins/cordova-plugin-file/www/FileUploadResult.js
2018-04-21 13:27:16 +0000  copying file ./Payload/Mais Bartenders.app/www/plugins/cordova-plugin-file/www/ProgressEvent.js ... 
2018-04-21 13:27:16 +0000  2544 bytes for ./Payload/Mais Bartenders.app/www/plugins/cordova-plugin-file/www/ProgressEvent.js
2018-04-21 13:27:16 +0000  copying file ./Payload/Mais Bartenders.app/www/plugins/cordova-plugin-file/www/File.js ... 
2018-04-21 13:27:16 +0000  2714 bytes for ./Payload/Mais Bartenders.app/www/plugins/cordova-plugin-file/www/File.js
copying file ./Payload/Mais Bartenders.app/www/plugins/cordova-plugin-file/www/resolveLocalFileSystemURI.js ... 
2018-04-21 13:27:16 +0000  4325 bytes for ./Payload/Mais Bartenders.app/www/plugins/cordova-plugin-file/www/resolveLocalFileSystemURI.js
2018-04-21 13:27:16 +0000  copying file ./Payload/Mais Bartenders.app/www/plugins/cordova-plugin-file/www/Entry.js ... 
2018-04-21 13:27:16 +0000  9869 bytes for ./Payload/Mais Bartenders.app/www/plugins/cordova-plugin-file/www/Entry.js
2018-04-21 13:27:16 +0000  copying file ./Payload/Mais Bartenders.app/www/plugins/cordova-plugin-inappbrowser/www/inappbrowser.js ... 
2018-04-21 13:27:16 +0000  4425 bytes for ./Payload/Mais Bartenders.app/www/plugins/cordova-plugin-inappbrowser/www/inappbrowser.js
2018-04-21 13:27:16 +0000  copying file ./Payload/Mais Bartenders.app/www/plugins/cordova-plugin-file-transfer/www/FileTransferError.js ... 
2018-04-21 13:27:16 +0000  1488 bytes for ./Payload/Mais Bartenders.app/www/plugins/cordova-plugin-file-transfer/www/FileTransferError.js
2018-04-21 13:27:16 +0000  copying file ./Payload/Mais Bartenders.app/www/plugins/cordova-plugin-file-transfer/www/FileTransfer.js ... 
2018-04-21 13:27:16 +0000  8568 bytes for ./Payload/Mais Bartenders.app/www/plugins/cordova-plugin-file-transfer/www/FileTransfer.js
2018-04-21 13:27:16 +0000  copying file ./Payload/Mais Bartenders.app/www/plugins/cordova-plugin-statusbar/www/statusbar.js ... 
2018-04-21 13:27:16 +0000  3376 bytes for ./Payload/Mais Bartenders.app/www/plugins/cordova-plugin-statusbar/www/statusbar.js
2018-04-21 13:27:16 +0000  copying file ./Payload/Mais Bartenders.app/www/plugins/cordova-plugin-splashscreen/www/splashscreen.js ... 
2018-04-21 13:27:16 +0000  1173 bytes for ./Payload/Mais Bartenders.app/www/plugins/cordova-plugin-splashscreen/www/splashscreen.js
2018-04-21 13:27:16 +0000  copying file ./Payload/Mais Bartenders.app/www/plugins/cordova-plugin-remove-cookies/www/cookies.js ... 
2018-04-21 13:27:16 +0000  1756 bytes for ./Payload/Mais Bartenders.app/www/plugins/cordova-plugin-remove-cookies/www/cookies.js
2018-04-21 13:27:16 +0000  copying file ./Payload/Mais Bartenders.app/www/static/css/app.ab9544e4be29812ccfe81865f6c11863.css ... 
2018-04-21 13:27:16 +0000  43272 bytes for ./Payload/Mais Bartenders.app/www/static/css/app.ab9544e4be29812ccfe81865f6c11863.css
2018-04-21 13:27:16 +0000  copying file ./Payload/Mais Bartenders.app/www/static/css/app.ab9544e4be29812ccfe81865f6c11863.css.map ... 
2018-04-21 13:27:16 +0000  83262 bytes for ./Payload/Mais Bartenders.app/www/static/css/app.ab9544e4be29812ccfe81865f6c11863.css.map
2018-04-21 13:27:16 +0000  copying file ./Payload/Mais Bartenders.app/www/static/js/8.e3d5fe6cb086f7e3a654.js.map ... 
2018-04-21 13:27:16 +0000  3913 bytes for ./Payload/Mais Bartenders.app/www/static/js/8.e3d5fe6cb086f7e3a654.js.map
2018-04-21 13:27:16 +0000  copying file ./Payload/Mais Bartenders.app/www/static/js/2.4bdc42dd7a69f4125760.js ... 
2018-04-21 13:27:16 +0000  18881 bytes for ./Payload/Mais Bartenders.app/www/static/js/2.4bdc42dd7a69f4125760.js
2018-04-21 13:27:16 +0000  copying file ./Payload/Mais Bartenders.app/www/static/js/app.b67d47f3e186658a5260.js.map ... 
2018-04-21 13:27:16 +0000  1754210 bytes for ./Payload/Mais Bartenders.app/www/static/js/app.b67d47f3e186658a5260.js.map
2018-04-21 13:27:16 +0000  copying file ./Payload/Mais Bartenders.app/www/static/js/3.89bd267843179fdfb033.js ... 
3169 bytes for ./Payload/Mais Bartenders.app/www/static/js/3.89bd267843179fdfb033.js
copying file ./Payload/Mais Bartenders.app/www/static/js/9.f3c3c7841975788ac12b.js ... 
5244 bytes for ./Payload/Mais Bartenders.app/www/static/js/9.f3c3c7841975788ac12b.js
copying file ./Payload/Mais Bartenders.app/www/static/js/8.e3d5fe6cb086f7e3a654.js ... 
2018-04-21 13:27:16 +0000  571 bytes for ./Payload/Mais Bartenders.app/www/static/js/8.e3d5fe6cb086f7e3a654.js
copying file ./Payload/Mais Bartenders.app/www/static/js/1.18518d38938cd7b2f469.js.map ... 
2018-04-21 13:27:16 +0000  59102 bytes for ./Payload/Mais Bartenders.app/www/static/js/1.18518d38938cd7b2f469.js.map
2018-04-21 13:27:16 +0000  copying file ./Payload/Mais Bartenders.app/www/static/js/manifest.15e2b1f1c05e3358cd88.js.map ... 
2018-04-21 13:27:16 +0000  15087 bytes for ./Payload/Mais Bartenders.app/www/static/js/manifest.15e2b1f1c05e3358cd88.js.map
2018-04-21 13:27:16 +0000  copying file ./Payload/Mais Bartenders.app/www/static/js/5.56cd842cd11f35b8d107.js.map ... 
2018-04-21 13:27:16 +0000  29661 bytes for ./Payload/Mais Bartenders.app/www/static/js/5.56cd842cd11f35b8d107.js.map
2018-04-21 13:27:16 +0000  copying file ./Payload/Mais Bartenders.app/www/static/js/4.4b19e941e403aa4fe109.js.map ... 
17031 bytes for ./Payload/Mais Bartenders.app/www/static/js/4.4b19e941e403aa4fe109.js.map
copying file ./Payload/Mais Bartenders.app/www/static/js/manifest.15e2b1f1c05e3358cd88.js ... 
1778 bytes for ./Payload/Mais Bartenders.app/www/static/js/manifest.15e2b1f1c05e3358cd88.js
copying file ./Payload/Mais Bartenders.app/www/static/js/1.18518d38938cd7b2f469.js ... 
11523 bytes for ./Payload/Mais Bartenders.app/www/static/js/1.18518d38938cd7b2f469.js
copying file ./Payload/Mais Bartenders.app/www/static/js/5.56cd842cd11f35b8d107.js ... 
5594 bytes for ./Payload/Mais Bartenders.app/www/static/js/5.56cd842cd11f35b8d107.js
copying file ./Payload/Mais Bartenders.app/www/static/js/4.4b19e941e403aa4fe109.js ... 
2892 bytes for ./Payload/Mais Bartenders.app/www/static/js/4.4b19e941e403aa4fe109.js
copying file ./Payload/Mais Bartenders.app/www/static/js/6.1a20f6ec744b07096568.js.map ... 
6435 bytes for ./Payload/Mais Bartenders.app/www/static/js/6.1a20f6ec744b07096568.js.map
copying file ./Payload/Mais Bartenders.app/www/static/js/app.b67d47f3e186658a5260.js ... 
2018-04-21 13:27:16 +0000  387342 bytes for ./Payload/Mais Bartenders.app/www/static/js/app.b67d47f3e186658a5260.js
2018-04-21 13:27:16 +0000  copying file ./Payload/Mais Bartenders.app/www/static/js/6.1a20f6ec744b07096568.js ... 
947 bytes for ./Payload/Mais Bartenders.app/www/static/js/6.1a20f6ec744b07096568.js
copying file ./Payload/Mais Bartenders.app/www/static/js/10.cdf22a97a7b859cea293.js ... 
627 bytes for ./Payload/Mais Bartenders.app/www/static/js/10.cdf22a97a7b859cea293.js
copying file ./Payload/Mais Bartenders.app/www/static/js/0.50f528aa4ba0281a0a10.js.map ... 
2018-04-21 13:27:16 +0000  66215 bytes for ./Payload/Mais Bartenders.app/www/static/js/0.50f528aa4ba0281a0a10.js.map
2018-04-21 13:27:16 +0000  copying file ./Payload/Mais Bartenders.app/www/static/js/vendor.8001b42a9f555b11319e.js ... 
2018-04-21 13:27:16 +0000  4359675 bytes for ./Payload/Mais Bartenders.app/www/static/js/vendor.8001b42a9f555b11319e.js
2018-04-21 13:27:16 +0000  copying file ./Payload/Mais Bartenders.app/www/static/js/7.68c9ed84a2aea42c3acc.js ... 
417 bytes for ./Payload/Mais Bartenders.app/www/static/js/7.68c9ed84a2aea42c3acc.js
copying file ./Payload/Mais Bartenders.app/www/static/js/0.50f528aa4ba0281a0a10.js ... 
2018-04-21 13:27:16 +0000  12659 bytes for ./Payload/Mais Bartenders.app/www/static/js/0.50f528aa4ba0281a0a10.js
2018-04-21 13:27:16 +0000  copying file ./Payload/Mais Bartenders.app/www/static/js/vendor.8001b42a9f555b11319e.js.map ... 
2018-04-21 13:27:16 +0000  5406849 bytes for ./Payload/Mais Bartenders.app/www/static/js/vendor.8001b42a9f555b11319e.js.map
2018-04-21 13:27:16 +0000  copying file ./Payload/Mais Bartenders.app/www/static/js/7.68c9ed84a2aea42c3acc.js.map ... 
3205 bytes for ./Payload/Mais Bartenders.app/www/static/js/7.68c9ed84a2aea42c3acc.js.map
copying file ./Payload/Mais Bartenders.app/www/static/js/10.cdf22a97a7b859cea293.js.map ... 
5017 bytes for ./Payload/Mais Bartenders.app/www/static/js/10.cdf22a97a7b859cea293.js.map
copying file ./Payload/Mais Bartenders.app/www/static/js/9.f3c3c7841975788ac12b.js.map ... 
2018-04-21 13:27:16 +0000  27799 bytes for ./Payload/Mais Bartenders.app/www/static/js/9.f3c3c7841975788ac12b.js.map
2018-04-21 13:27:16 +0000  copying file ./Payload/Mais Bartenders.app/www/static/js/2.4bdc42dd7a69f4125760.js.map ... 
2018-04-21 13:27:16 +0000  108839 bytes for ./Payload/Mais Bartenders.app/www/static/js/2.4bdc42dd7a69f4125760.js.map
2018-04-21 13:27:16 +0000  copying file ./Payload/Mais Bartenders.app/www/static/js/3.89bd267843179fdfb033.js.map ... 
2018-04-21 13:27:16 +0000  18561 bytes for ./Payload/Mais Bartenders.app/www/static/js/3.89bd267843179fdfb033.js.map
2018-04-21 13:27:16 +0000  copying file ./Payload/Mais Bartenders.app/www/static/img/high_ball.4cf875a.png ... 
2018-04-21 13:27:16 +0000  39697 bytes for ./Payload/Mais Bartenders.app/www/static/img/high_ball.4cf875a.png
2018-04-21 13:27:16 +0000  copying file ./Payload/Mais Bartenders.app/www/static/img/ilha_bela_alto.8f89e9a.png ... 
2018-04-21 13:27:16 +0000  46845 bytes for ./Payload/Mais Bartenders.app/www/static/img/ilha_bela_alto.8f89e9a.png
2018-04-21 13:27:16 +0000  copying file ./Payload/Mais Bartenders.app/www/static/img/ilha_bela_baixo.a0d2a29.png ... 
2018-04-21 13:27:16 +0000  38343 bytes for ./Payload/Mais Bartenders.app/www/static/img/ilha_bela_baixo.a0d2a29.png
2018-04-21 13:27:16 +0000  copying file ./Payload/Mais Bartenders.app/www/static/img/margarita.bb21ca9.png ... 
2018-04-21 13:27:16 +0000  44439 bytes for ./Payload/Mais Bartenders.app/www/static/img/margarita.bb21ca9.png
2018-04-21 13:27:16 +0000  copying file ./Payload/Mais Bartenders.app/www/static/img/logo_mb.b183310.png ... 
2018-04-21 13:27:16 +0000  47372 bytes for ./Payload/Mais Bartenders.app/www/static/img/logo_mb.b183310.png
2018-04-21 13:27:16 +0000  copying file ./Payload/Mais Bartenders.app/www/static/img/barone.7b5c2ce.png ... 
2018-04-21 13:27:16 +0000  85546 bytes for ./Payload/Mais Bartenders.app/www/static/img/barone.7b5c2ce.png
2018-04-21 13:27:16 +0000  copying file ./Payload/Mais Bartenders.app/www/static/img/logo_mb_2.c7b16ac.png ... 
2018-04-21 13:27:16 +0000  47315 bytes for ./Payload/Mais Bartenders.app/www/static/img/logo_mb_2.c7b16ac.png
2018-04-21 13:27:16 +0000  copying file ./Payload/Mais Bartenders.app/www/static/img/martini.f298167.png ... 
2018-04-21 13:27:16 +0000  50988 bytes for ./Payload/Mais Bartenders.app/www/static/img/martini.f298167.png
2018-04-21 13:27:16 +0000  copying file ./Payload/Mais Bartenders.app/www/static/build/css/vendor.css ... 
2018-04-21 13:27:16 +0000  199525 bytes for ./Payload/Mais Bartenders.app/www/static/build/css/vendor.css
2018-04-21 13:27:16 +0000  copying file ./Payload/Mais Bartenders.app/www/static/build/css/montserrat.css ... 
2018-04-21 13:27:16 +0000  2832 bytes for ./Payload/Mais Bartenders.app/www/static/build/css/montserrat.css
copying file ./Payload/Mais Bartenders.app/www/static/build/css/lato.css ... 
2018-04-21 13:27:16 +0000  769 bytes for ./Payload/Mais Bartenders.app/www/static/build/css/lato.css
2018-04-21 13:27:16 +0000  copying file ./Payload/Mais Bartenders.app/www/static/build/css/robotoslab.css ... 
2018-04-21 13:27:16 +0000  7928 bytes for ./Payload/Mais Bartenders.app/www/static/build/css/robotoslab.css
copying file ./Payload/Mais Bartenders.app/www/static/build/css/vendor.css.map ... 
2018-04-21 13:27:16 +0000  322700 bytes for ./Payload/Mais Bartenders.app/www/static/build/css/vendor.css.map
2018-04-21 13:27:16 +0000  copying file ./Payload/Mais Bartenders.app/www/static/build/css/lobster_two.css ... 
2018-04-21 13:27:16 +0000  645 bytes for ./Payload/Mais Bartenders.app/www/static/build/css/lobster_two.css
copying file ./Payload/Mais Bartenders.app/www/static/build/css/fontawesome.css ... 
2018-04-21 13:27:16 +0000  0 bytes for ./Payload/Mais Bartenders.app/www/static/build/css/fontawesome.css
2018-04-21 13:27:16 +0000  copying file ./Payload/Mais Bartenders.app/www/static/build/js/vendor.js ... 
2018-04-21 13:27:16 +0000  251479 bytes for ./Payload/Mais Bartenders.app/www/static/build/js/vendor.js
2018-04-21 13:27:16 +0000  copying file ./Payload/Mais Bartenders.app/www/static/build/js/openfb.js ... 
12352 bytes for ./Payload/Mais Bartenders.app/www/static/build/js/openfb.js
copying file ./Payload/Mais Bartenders.app/www/static/build/js/vendor.js.map ... 
2018-04-21 13:27:16 +0000  744262 bytes for ./Payload/Mais Bartenders.app/www/static/build/js/vendor.js.map
2018-04-21 13:27:16 +0000  copying file ./Payload/Mais Bartenders.app/www/static/build/fonts/fontawesome-webfont.svg ... 
2018-04-21 13:27:16 +0000  444379 bytes for ./Payload/Mais Bartenders.app/www/static/build/fonts/fontawesome-webfont.svg
2018-04-21 13:27:16 +0000  copying file ./Payload/Mais Bartenders.app/www/static/build/fonts/FontAwesome.otf ... 
2018-04-21 13:27:16 +0000  134808 bytes for ./Payload/Mais Bartenders.app/www/static/build/fonts/FontAwesome.otf
2018-04-21 13:27:16 +0000  copying file ./Payload/Mais Bartenders.app/www/static/build/fonts/robotoslab/RobotoSlab-Thin.ttf ... 
2018-04-21 13:27:16 +0000  181156 bytes for ./Payload/Mais Bartenders.app/www/static/build/fonts/robotoslab/RobotoSlab-Thin.ttf
2018-04-21 13:27:16 +0000  copying file ./Payload/Mais Bartenders.app/www/static/build/fonts/robotoslab/RobotoSlab-Bold.ttf ... 
2018-04-21 13:27:16 +0000  170616 bytes for ./Payload/Mais Bartenders.app/www/static/build/fonts/robotoslab/RobotoSlab-Bold.ttf
2018-04-21 13:27:16 +0000  copying file ./Payload/Mais Bartenders.app/www/static/build/fonts/robotoslab/RobotoSlab-Light.ttf ... 
2018-04-21 13:27:16 +0000  179096 bytes for ./Payload/Mais Bartenders.app/www/static/build/fonts/robotoslab/RobotoSlab-Light.ttf
2018-04-21 13:27:16 +0000  copying file ./Payload/Mais Bartenders.app/www/static/build/fonts/robotoslab/RobotoSlab-Regular.ttf ... 
2018-04-21 13:27:16 +0000  169064 bytes for ./Payload/Mais Bartenders.app/www/static/build/fonts/robotoslab/RobotoSlab-Regular.ttf
2018-04-21 13:27:16 +0000  copying file ./Payload/Mais Bartenders.app/www/static/build/fonts/lato/Lato-Bold.ttf ... 
2018-04-21 13:27:16 +0000  121788 bytes for ./Payload/Mais Bartenders.app/www/static/build/fonts/lato/Lato-Bold.ttf
2018-04-21 13:27:16 +0000  copying file ./Payload/Mais Bartenders.app/www/static/build/fonts/lato/Lato-Regular.ttf ... 
2018-04-21 13:27:16 +0000  120196 bytes for ./Payload/Mais Bartenders.app/www/static/build/fonts/lato/Lato-Regular.ttf
2018-04-21 13:27:16 +0000  copying file ./Payload/Mais Bartenders.app/www/static/build/fonts/lato/Lato-Light.ttf ... 
2018-04-21 13:27:16 +0000  122524 bytes for ./Payload/Mais Bartenders.app/www/static/build/fonts/lato/Lato-Light.ttf
2018-04-21 13:27:16 +0000  copying file ./Payload/Mais Bartenders.app/www/static/build/fonts/lobster_two/LobsterTwo-Bold.ttf ... 
2018-04-21 13:27:16 +0000  241104 bytes for ./Payload/Mais Bartenders.app/www/static/build/fonts/lobster_two/LobsterTwo-Bold.ttf
2018-04-21 13:27:16 +0000  copying file ./Payload/Mais Bartenders.app/www/static/build/fonts/lobster_two/LobsterTwo-Regular.ttf ... 
2018-04-21 13:27:16 +0000  254332 bytes for ./Payload/Mais Bartenders.app/www/static/build/fonts/lobster_two/LobsterTwo-Regular.ttf
2018-04-21 13:27:16 +0000  copying file ./Payload/Mais Bartenders.app/www/static/build/fonts/lobster_two/LobsterTwo-BoldItalic.ttf ... 
2018-04-21 13:27:16 +0000  235632 bytes for ./Payload/Mais Bartenders.app/www/static/build/fonts/lobster_two/LobsterTwo-BoldItalic.ttf
2018-04-21 13:27:16 +0000  copying file ./Payload/Mais Bartenders.app/www/static/build/fonts/lobster_two/LobsterTwo-Italic.ttf ... 
2018-04-21 13:27:16 +0000  249896 bytes for ./Payload/Mais Bartenders.app/www/static/build/fonts/lobster_two/LobsterTwo-Italic.ttf
2018-04-21 13:27:16 +0000  copying file ./Payload/Mais Bartenders.app/www/static/build/fonts/fontawesome-webfont.woff2 ... 
2018-04-21 13:27:16 +0000  77160 bytes for ./Payload/Mais Bartenders.app/www/static/build/fonts/fontawesome-webfont.woff2
2018-04-21 13:27:16 +0000  copying file ./Payload/Mais Bartenders.app/www/static/build/fonts/fontawesome-webfont.ttf ... 
2018-04-21 13:27:16 +0000  165548 bytes for ./Payload/Mais Bartenders.app/www/static/build/fonts/fontawesome-webfont.ttf
2018-04-21 13:27:16 +0000  copying file ./Payload/Mais Bartenders.app/www/static/build/fonts/montserrat/Montserrat-Light.ttf ... 
2018-04-21 13:27:16 +0000  192116 bytes for ./Payload/Mais Bartenders.app/www/static/build/fonts/montserrat/Montserrat-Light.ttf
2018-04-21 13:27:16 +0000  copying file ./Payload/Mais Bartenders.app/www/static/build/fonts/montserrat/Montserrat-Bold.ttf ... 
2018-04-21 13:27:16 +0000  191648 bytes for ./Payload/Mais Bartenders.app/www/static/build/fonts/montserrat/Montserrat-Bold.ttf
2018-04-21 13:27:16 +0000  copying file ./Payload/Mais Bartenders.app/www/static/build/fonts/montserrat/Montserrat-Regular.ttf ... 
2018-04-21 13:27:16 +0000  190648 bytes for ./Payload/Mais Bartenders.app/www/static/build/fonts/montserrat/Montserrat-Regular.ttf
2018-04-21 13:27:16 +0000  copying file ./Payload/Mais Bartenders.app/www/static/build/fonts/fontawesome-webfont.woff ... 
2018-04-21 13:27:16 +0000  98024 bytes for ./Payload/Mais Bartenders.app/www/static/build/fonts/fontawesome-webfont.woff
2018-04-21 13:27:16 +0000  copying file ./Payload/Mais Bartenders.app/www/static/build/fonts/fontawesome-webfont.eot ... 
2018-04-21 13:27:16 +0000  165742 bytes for ./Payload/Mais Bartenders.app/www/static/build/fonts/fontawesome-webfont.eot
2018-04-21 13:27:16 +0000  copying file ./Payload/Mais Bartenders.app/www/static/fonts/LobsterTwo-Italic.e02c8a9.ttf ... 
2018-04-21 13:27:16 +0000  249896 bytes for ./Payload/Mais Bartenders.app/www/static/fonts/LobsterTwo-Italic.e02c8a9.ttf
2018-04-21 13:27:16 +0000  copying file ./Payload/Mais Bartenders.app/www/static/fonts/LobsterTwo-BoldItalic.92f89b4.ttf ... 
2018-04-21 13:27:16 +0000  235632 bytes for ./Payload/Mais Bartenders.app/www/static/fonts/LobsterTwo-BoldItalic.92f89b4.ttf
2018-04-21 13:27:16 +0000  copying file ./Payload/Mais Bartenders.app/www/static/fonts/LobsterTwo-Bold.5bc7d54.ttf ... 
2018-04-21 13:27:16 +0000  241104 bytes for ./Payload/Mais Bartenders.app/www/static/fonts/LobsterTwo-Bold.5bc7d54.ttf
2018-04-21 13:27:16 +0000  copying file ./Payload/Mais Bartenders.app/www/static/fonts/LobsterTwo-Regular.3ba9370.ttf ... 
2018-04-21 13:27:16 +0000  254332 bytes for ./Payload/Mais Bartenders.app/www/static/fonts/LobsterTwo-Regular.3ba9370.ttf
2018-04-21 13:27:16 +0000  copying file ./Payload/Mais Bartenders.app/www/static/assets/king.png ... 
1919 bytes for ./Payload/Mais Bartenders.app/www/static/assets/king.png
copying file ./Payload/Mais Bartenders.app/www/static/assets/user_avatar.jpg ... 
4737 bytes for ./Payload/Mais Bartenders.app/www/static/assets/user_avatar.jpg
copying file ./Payload/Mais Bartenders.app/www/static/assets/favicon.png ... 
2018-04-21 13:27:16 +0000  1976 bytes for ./Payload/Mais Bartenders.app/www/static/assets/favicon.png
2018-04-21 13:27:16 +0000  copying file ./Payload/Mais Bartenders.app/www/static/assets/header-bg.jpg ... 
2018-04-21 13:27:16 +0000  380820 bytes for ./Payload/Mais Bartenders.app/www/static/assets/header-bg.jpg
2018-04-21 13:27:16 +0000  copying file ./Payload/Mais Bartenders.app/www/static/assets/drink-created.png ... 
7257 bytes for ./Payload/Mais Bartenders.app/www/static/assets/drink-created.png
copying file ./Payload/Mais Bartenders.app/www/static/assets/star.png ... 
2018-04-21 13:27:16 +0000  25067 bytes for ./Payload/Mais Bartenders.app/www/static/assets/star.png
2018-04-21 13:27:16 +0000  copying file ./Payload/Mais Bartenders.app/www/cordova-js-src/exec.js ... 
2018-04-21 13:27:16 +0000  8877 bytes for ./Payload/Mais Bartenders.app/www/cordova-js-src/exec.js
2018-04-21 13:27:16 +0000  copying file ./Payload/Mais Bartenders.app/www/cordova-js-src/plugin/ios/logger.js ... 
2018-04-21 13:27:16 +0000  10233 bytes for ./Payload/Mais Bartenders.app/www/cordova-js-src/plugin/ios/logger.js
copying file ./Payload/Mais Bartenders.app/www/cordova-js-src/plugin/ios/console.js ... 
2018-04-21 13:27:16 +0000  6822 bytes for ./Payload/Mais Bartenders.app/www/cordova-js-src/plugin/ios/console.js
2018-04-21 13:27:16 +0000  copying file ./Payload/Mais Bartenders.app/www/cordova-js-src/platform.js ... 
2018-04-21 13:27:16 +0000  1168 bytes for ./Payload/Mais Bartenders.app/www/cordova-js-src/platform.js
2018-04-21 13:27:16 +0000  copying file ./Payload/Mais Bartenders.app/www/cordova_plugins.js ... 
2018-04-21 13:27:16 +0000  6358 bytes for ./Payload/Mais Bartenders.app/www/cordova_plugins.js
2018-04-21 13:27:16 +0000  copying file ./Payload/Mais Bartenders.app/LaunchImage-Landscape~ipad.png ... 
2018-04-21 13:27:16 +0000  30562 bytes for ./Payload/Mais Bartenders.app/LaunchImage-Landscape~ipad.png
2018-04-21 13:27:16 +0000  copying file ./Payload/Mais Bartenders.app/LaunchImage-700-Portrait~ipad.png ... 
2018-04-21 13:27:16 +0000  30435 bytes for ./Payload/Mais Bartenders.app/LaunchImage-700-Portrait~ipad.png
2018-04-21 13:27:16 +0000  copying file ./Payload/Mais Bartenders.app/Assets.car ... 
2018-04-21 13:27:16 +0000  254920 bytes for ./Payload/Mais Bartenders.app/Assets.car
2018-04-21 13:27:16 +0000  copying file ./Payload/Mais Bartenders.app/AppIcon40x40@2x~ipad.png ... 
5498 bytes for ./Payload/Mais Bartenders.app/AppIcon40x40@2x~ipad.png
copying file ./Payload/Mais Bartenders.app/AppIcon76x76@2x~ipad.png ... 
2018-04-21 13:27:16 +0000  11862 bytes for ./Payload/Mais Bartenders.app/AppIcon76x76@2x~ipad.png
2018-04-21 13:27:16 +0000  copying file ./Payload/Mais Bartenders.app/LaunchImage-800-Portrait-736h@3x.png ... 
2018-04-21 13:27:16 +0000  79958 bytes for ./Payload/Mais Bartenders.app/LaunchImage-800-Portrait-736h@3x.png
copying file ./Payload/Mais Bartenders.app/AppIcon72x72~ipad.png ... 
2018-04-21 13:27:16 +0000  4974 bytes for ./Payload/Mais Bartenders.app/AppIcon72x72~ipad.png
2018-04-21 13:27:16 +0000  copying file ./Payload/Mais Bartenders.app/CDVLaunchScreen.storyboardc/01J-lp-oVM-view-Ze5-6b-2t3.nib ... 
2018-04-21 13:27:16 +0000  2283 bytes for ./Payload/Mais Bartenders.app/CDVLaunchScreen.storyboardc/01J-lp-oVM-view-Ze5-6b-2t3.nib
2018-04-21 13:27:16 +0000  copying file ./Payload/Mais Bartenders.app/CDVLaunchScreen.storyboardc/UIViewController-01J-lp-oVM.nib ... 
2018-04-21 13:27:16 +0000  832 bytes for ./Payload/Mais Bartenders.app/CDVLaunchScreen.storyboardc/UIViewController-01J-lp-oVM.nib
copying file ./Payload/Mais Bartenders.app/CDVLaunchScreen.storyboardc/Info.plist ... 
2018-04-21 13:27:16 +0000  258 bytes for ./Payload/Mais Bartenders.app/CDVLaunchScreen.storyboardc/Info.plist
2018-04-21 13:27:16 +0000  copying file ./Payload/Mais Bartenders.app/LaunchImage-700@2x.png ... 
2018-04-21 13:27:16 +0000  26967 bytes for ./Payload/Mais Bartenders.app/LaunchImage-700@2x.png
2018-04-21 13:27:16 +0000  copying file ./Payload/Mais Bartenders.app/LaunchImage-700-568h@2x.png ... 
2018-04-21 13:27:16 +0000  32776 bytes for ./Payload/Mais Bartenders.app/LaunchImage-700-568h@2x.png
2018-04-21 13:27:16 +0000  copying file ./Payload/Mais Bartenders.app/LaunchImage-Landscape@2x~ipad.png ... 
2018-04-21 13:27:16 +0000  84269 bytes for ./Payload/Mais Bartenders.app/LaunchImage-Landscape@2x~ipad.png
2018-04-21 13:27:16 +0000  copying file ./Payload/Mais Bartenders.app/AppIcon50x50~ipad.png ... 
2018-04-21 13:27:16 +0000  3242 bytes for ./Payload/Mais Bartenders.app/AppIcon50x50~ipad.png
2018-04-21 13:27:16 +0000  copying file ./Payload/Mais Bartenders.app/AppIcon29x29@2x~ipad.png ... 
2018-04-21 13:27:16 +0000  3840 bytes for ./Payload/Mais Bartenders.app/AppIcon29x29@2x~ipad.png
2018-04-21 13:27:16 +0000  copying file ./Payload/Mais Bartenders.app/LaunchImage-700-Landscape@2x~ipad.png ... 
2018-04-21 13:27:16 +0000  84269 bytes for ./Payload/Mais Bartenders.app/LaunchImage-700-Landscape@2x~ipad.png
2018-04-21 13:27:16 +0000  copying file ./Payload/Mais Bartenders.app/Mais Bartenders ... 
2018-04-21 13:27:17 +0000  754992 bytes for ./Payload/Mais Bartenders.app/Mais Bartenders
2018-04-21 13:27:17 +0000  copying file ./Payload/Mais Bartenders.app/AppIcon50x50@2x~ipad.png ... 
7117 bytes for ./Payload/Mais Bartenders.app/AppIcon50x50@2x~ipad.png
copying file ./Payload/Mais Bartenders.app/AppIcon40x40~ipad.png ... 
2568 bytes for ./Payload/Mais Bartenders.app/AppIcon40x40~ipad.png
copying file ./Payload/Mais Bartenders.app/LaunchImage.png ... 
2018-04-21 13:27:17 +0000  12238 bytes for ./Payload/Mais Bartenders.app/LaunchImage.png
2018-04-21 13:27:17 +0000  copying file ./Payload/Mais Bartenders.app/embedded.mobileprovision ... 
2018-04-21 13:27:17 +0000  7426 bytes for ./Payload/Mais Bartenders.app/embedded.mobileprovision
2018-04-21 13:27:17 +0000  copying file ./Payload/Mais Bartenders.app/LaunchImage-800-Landscape-736h@3x.png ... 
2018-04-21 13:27:17 +0000  82184 bytes for ./Payload/Mais Bartenders.app/LaunchImage-800-Landscape-736h@3x.png
2018-04-21 13:27:17 +0000  copying file ./Payload/Mais Bartenders.app/LaunchImage-700-Portrait@2x~ipad.png ... 
2018-04-21 13:27:17 +0000  82925 bytes for ./Payload/Mais Bartenders.app/LaunchImage-700-Portrait@2x~ipad.png
2018-04-21 13:27:17 +0000  copying file ./Payload/Mais Bartenders.app/LaunchImage-700-Landscape~ipad.png ... 
2018-04-21 13:27:17 +0000  30562 bytes for ./Payload/Mais Bartenders.app/LaunchImage-700-Landscape~ipad.png
2018-04-21 13:27:17 +0000  copying file ./Payload/Mais Bartenders.app/AppIcon20x20@2x~ipad.png ... 
2018-04-21 13:27:17 +0000  2568 bytes for ./Payload/Mais Bartenders.app/AppIcon20x20@2x~ipad.png
copying file ./Payload/Mais Bartenders.app/Info.plist ... 
2018-04-21 13:27:17 +0000  2331 bytes for ./Payload/Mais Bartenders.app/Info.plist
2018-04-21 13:27:17 +0000  copying file ./Payload/Mais Bartenders.app/PkgInfo ... 
2018-04-21 13:27:17 +0000  8 bytes for ./Payload/Mais Bartenders.app/PkgInfo
copying file ./Payload/Mais Bartenders.app/AppIcon76x76~ipad.png ... 
2018-04-21 13:27:17 +0000  5273 bytes for ./Payload/Mais Bartenders.app/AppIcon76x76~ipad.png
2018-04-21 13:27:17 +0000  copying file ./Symbols/72E37F75-B065-3005-A253-12854456EBC3.symbols ... 
2018-04-21 13:27:17 +0000  264064 bytes for ./Symbols/72E37F75-B065-3005-A253-12854456EBC3.symbols
2018-04-21 13:27:17 +0000  copying file ./Symbols/D1A98179-B0F5-3EDC-9450-C5D607BF929C.symbols ... 
2018-04-21 13:27:17 +0000  222904 bytes for ./Symbols/D1A98179-B0F5-3EDC-9450-C5D607BF929C.symbols
2018-04-21 13:27:17 +0000  
2018-04-21 13:27:17 +0000  
2018-04-21 13:27:17 +0000  /usr/bin/ditto exited with 0
2018-04-21 13:27:17 +0000  
2018-04-21 13:27:17 +0000  
2018-04-21 13:27:17 +0000  Processing step: IDEDistributionCreateManifestStep
2018-04-21 13:27:17 +0000  Skipping step: IDEDistributionCreateManifestStep because it said so
